// index.js 
require('dotenv').config();
const { Client, GatewayIntentBits, Collection } = require('discord.js');
const { handleInterestSelect } = require('./handlers/interestSelect');
const { handleModalSubmit, handleProvinceDropdown, handleRegisterConfirm, handleDeleteLog, handleOpenRegisterModal } = require('./handlers/registerHandler');
const { handleProvinceBtn } = require('./handlers/provinceSelect');

const fs = require('fs');
const path = require('path');

const client = new Client({
  intents: [
    GatewayIntentBits.Guilds,
    GatewayIntentBits.GuildMembers, // ← เพิ่มบรรทัดนี้
    GatewayIntentBits.GuildMessages, // ← เพิ่ม
  ]
});

client.commands = new Collection();
const commandsPath = path.join(__dirname, 'commands');
const commandFiles = fs.readdirSync(commandsPath).filter((f) => f.endsWith('.js'));

for (const file of commandFiles) {
  const command = require(path.join(commandsPath, file));
  if (command.data && command.execute) {
    client.commands.set(command.data.name, command);
    console.log(`✅ โหลด command: ${command.data.name}`);
  }
}

client.once('ready', () => {
  console.log(`🤖 Bot พร้อมแล้ว! ${client.user.tag}`);
});

client.on('interactionCreate', async (interaction) => {
  // --- Slash Commands ---
  if (interaction.isChatInputCommand()) {
    const command = client.commands.get(interaction.commandName);
    if (!command) return;
    try {
      await command.execute(interaction);
    } catch (err) {
      console.error(err);
      const msg = { content: '❌ เกิดข้อผิดพลาด', ephemeral: true };
      interaction.replied ? interaction.followUp(msg) : interaction.reply(msg);
    }
    return;
  }

  // --- Modal Submit ---
  if (interaction.isModalSubmit()) {
    await handleModalSubmit(interaction);
    return;
  }

  // --- Select Menus ---
  if (interaction.isStringSelectMenu()) {
    await handleProvinceDropdown(interaction); // dropdown จังหวัด (register)
    await handleInterestSelect(interaction);   // interest/skill
    return;
  }

  // --- Buttons ---
  if (interaction.isButton()) {
    await handleOpenRegisterModal(interaction); // ← เพิ่มบรรทัดนี้
    await handleRegisterConfirm(interaction);  // ปุ่มยืนยัน log
    await handleInterestSelect(interaction);   // ปุ่ม interest/skill toggle
    await handleDeleteLog(interaction);
    await handleProvinceBtn(interaction);
    return;
  }
});

// Sticky message logic
client.on('messageCreate', async (message) => {
  if (message.author.bot) return;
  if (!client.stickyMessages) return;

  const stickyId = client.stickyMessages.get(message.channelId);
  if (!stickyId) return;

  try {
    const old = await message.channel.messages.fetch(stickyId);
    await old.delete();
  } catch {}

  const {EmbedBuilder, ActionRowBuilder, ButtonBuilder, ButtonStyle} = require('discord.js');

  const embed = new EmbedBuilder()
    .setTitle('📋 ลงทะเบียนสมาชิก อาสาประชาชน')
    .setDescription('กดปุ่มด้านล่างเพื่อลงทะเบียนหรืออัปเดตข้อมูลของคุณได้เลยครับ')
    .setColor(0x5865f3);

  const row = new ActionRowBuilder().addComponents(
    new ButtonBuilder()
      .setCustomId('btn_open_register_modal')
      .setLabel('📋 ลงทะเบียน / แก้ไขข้อมูล')
      .setStyle(ButtonStyle.Primary)
  );

  const sent = await message.channel.send({embeds: [embed], components: [row]});
  client.stickyMessages.set(message.channelId, sent.id);
});

client.login(process.env.TOKEN);

process.on('unhandledRejection', (err) => {
  console.error('Unhandled rejection:', err);
});
// handlers/registerHandler.js
const {
  ActionRowBuilder,
  StringSelectMenuBuilder,
  ButtonBuilder,
  ButtonStyle,
  EmbedBuilder,
  ModalBuilder,
  TextInputBuilder,
  TextInputStyle,
} = require('discord.js');
const {PROVINCE_ROLES, SUB_REGION_ROLES, MAIN_REGION_ROLES} = require('../config/roles');
const {BKK_HINT} = require('../config/hints');
const {upsertMember, syncMemberRoles} = require('../db/members');

const PROVINCE_REGIONS = [
  {
    id: 'central',
    label: '🌿 ภาคกลาง',
    color: 0x2ecc71,
    provinces: [
      'ราชบุรี', 'นครปฐม', 'กาญจนบุรี', 'เพชรบุรี', 'สุพรรณบุรี',
      'สมุทรสงคราม', 'ประจวบคีรีขันธ์', 'อุทัยธานี', 'อ่างทอง', 'สระบุรี',
      'อยุธยา', 'นครนายก', 'ลพบุรี', 'ชัยนาท', 'สิงห์บุรี',
    ],
  },
  {
    id: 'north',
    label: '🌄 ภาคเหนือ',
    color: 0xf39c12,
    provinces: [
      'แม่ฮ่องสอน', 'แพร่', 'ลำพูน', 'ลำปาง', 'พะเยา',
      'เชียงใหม่', 'เชียงราย', 'น่าน', 'กำแพงเพชร', 'ตาก',
      'นครสวรรค์', 'พิจิตร', 'พิษณุโลก', 'เพชรบูรณ์', 'สุโขทัย', 'อุตรดิตถ์',
    ],
  },
  {
    id: 'east',
    label: '🌊 ภาคตะวันออก',
    color: 0x1abc9c,
    provinces: [
      'สระแก้ว', 'ตราด', 'จันทบุรี', 'ระยอง',
      'ชลบุรี', 'ฉะเชิงเทรา', 'ปราจีนบุรี',
    ],
  },
  {
    id: 'northeast',
    label: '🌾 ภาคอีสาน',
    color: 0xe67e22,
    provinces: [
      'อุดรธานี', 'หนองคาย', 'บึงกาฬ', 'สกลนคร', 'มุกดาหาร',
      'นครพนม', 'อำนาจเจริญ', 'เลย', 'ชัยภูมิ', 'ขอนแก่น',
      'กาฬสินธุ์', 'ยโสธร', 'หนองบัวลำภู', 'มหาสารคาม', 'ร้อยเอ็ด',
      'อุบลราชธานี', 'ศรีสะเกษ', 'สุรินทร์', 'บุรีรัมย์', 'นครราชสีมา',
    ],
  },
  {
    id: 'south',
    label: '🏖️ ภาคใต้',
    color: 0x9b59b6,
    provinces: [
      'ชุมพร', 'พังงา', 'ระนอง', 'ภูเก็ต', 'สุราษฎร์ธานี',
      'นครศรีธรรมราช', 'ตรัง', 'กระบี่', 'สงขลา', 'พัทลุง',
      'สตูล', 'ปัตตานี', 'ยะลา', 'นราธิวาส',
    ],
  },
  {
    id: 'bkk',
    label: '🏙️ กรุงเทพฯ & ปริมณฑล',
    color: 0x3498db,
    provinces: [
      'กรุงเทพชั้นใน', 'กรุงเทพธนบุรี', 'กรุงเทพตะวันออก', 'กรุงเทพเหนือ',
      'นนทบุรี', 'สมุทรปราการ', 'สมุทรสาคร', 'ปทุมธานี',
    ],
  },
];

const pendingForms = new Map();

function buildDropdown(region) {
  return new ActionRowBuilder().addComponents(
    new StringSelectMenuBuilder()
      .setCustomId(`province_dd:${region.id}`)
      .setPlaceholder(`${region.label} — เลือกได้หลายจังหวัด`)
      .setMinValues(0)
      .setMaxValues(region.provinces.length)
      .addOptions(region.provinces.map((p) => ({label: p, value: p})))
  );
}

// -------- Build Modal (รับ existing data เพื่อ pre-fill) --------
function buildRegisterModal(existing = null) {
  const modal = new ModalBuilder()
    .setCustomId('modal_register')
    .setTitle('แนะนำตัวให้เพื่อนรู้จักสักนิด');

  const nameInput = new TextInputBuilder()
    .setCustomId('field_name')
    .setLabel('ชื่อ-นามสกุล')
    .setStyle(TextInputStyle.Short)
    .setPlaceholder('เช่น ณัฐพงษ์ เรืองปัญญาวุฒิ')
    .setRequired(true);
  if (existing?.firstname) {
    nameInput.setValue([existing.firstname, existing.lastname].filter(Boolean).join(' '));
  }

  const memberIdInput = new TextInputBuilder()
    .setCustomId('field_member_id')
    .setLabel('เลขสมาชิกพรรค (ถ้ามี)')
    .setStyle(TextInputStyle.Short)
    .setPlaceholder('เช่น 6000000001')
    .setRequired(false);
  if (existing?.member_id) memberIdInput.setValue(existing.member_id);

  const nicknameInput = new TextInputBuilder()
    .setCustomId('field_nickname')
    .setLabel('ชื่อเล่น')
    .setStyle(TextInputStyle.Short)
    .setPlaceholder('เช่น เท้ง')
    .setRequired(true);
  if (existing?.nickname) nicknameInput.setValue(existing.nickname);

  const interestInput = new TextInputBuilder()
    .setCustomId('field_interest')
    .setLabel('ความสนใจ / ความถนัด')
    .setStyle(TextInputStyle.Paragraph)
    .setPlaceholder('เช่น ทีมกราฟิก, ทีมคอนเทนต์, อื่นๆ')
    .setRequired(true);
  if (existing?.specialty) interestInput.setValue(existing.specialty);

  const referredByInput = new TextInputBuilder()
    .setCustomId('field_referred_by')
    .setLabel('แนะนำโดย (ถ้ามี)')
    .setStyle(TextInputStyle.Short)
    .setPlaceholder('เช่น ชื่อสมาชิกที่แนะนำ/Facebook/X/อื่นๆ')
    .setRequired(false);
  if (existing?.referred_by) referredByInput.setValue(existing.referred_by);

  modal.addComponents(
    new ActionRowBuilder().addComponents(nameInput),
    new ActionRowBuilder().addComponents(memberIdInput),
    new ActionRowBuilder().addComponents(nicknameInput),
    new ActionRowBuilder().addComponents(interestInput),
    new ActionRowBuilder().addComponents(referredByInput),
  );

  return modal;
}

// -------- Modal Submit --------
async function handleModalSubmit(interaction) {
  if (!interaction.isModalSubmit()) return;
  if (interaction.customId !== 'modal_register') return;

  const formData = {
    name:       interaction.fields.getTextInputValue('field_name'),
    memberId:   interaction.fields.getTextInputValue('field_member_id'),
    nickname:   interaction.fields.getTextInputValue('field_nickname'),
    interest:   interaction.fields.getTextInputValue('field_interest'),
    referredBy: interaction.fields.getTextInputValue('field_referred_by'),
  };

  pendingForms.set(interaction.user.id, {formData, selectedProvinces: {}});

  const {name, memberId, nickname, interest, referredBy} = formData;
  const parts = name.trim().split(/\s+/);
  const firstname = parts[0] ?? null;
  const lastname = parts.slice(1).join(' ') || null;

  await upsertMember({
    discord_id: interaction.user.id,
    username: interaction.user.username,
    nickname,
    firstname,
    lastname,
    member_id: memberId,
    specialty: interest,
    referred_by: referredBy,
    province: null,
    region: null,
    roles: null,
    interests: null,
  });
  await syncMemberRoles(interaction.member);

  const embed = new EmbedBuilder()
    .setTitle('📍 เลือกจังหวัดของคุณ')
    .setDescription('เลือกได้หลายจังหวัด หลายภาคตามความสนใจ')
    .setColor(0x5865f3);

  await interaction.reply({
    embeds: [embed],
    components: PROVINCE_REGIONS.slice(0, 5).map(buildDropdown),
    ephemeral: true,
  });

  await interaction.followUp({
    embeds: [new EmbedBuilder()
      .setTitle('🏙️ กรุงเทพฯ & ปริมณฑล')
      .setDescription(BKK_HINT)
      .setColor(0x3498db)],
    components: [buildDropdown(PROVINCE_REGIONS[5])],
    ephemeral: true,
  });

  await interaction.followUp({
    content: '> เลือกจังหวัดครบแล้ว กดยืนยันได้เลย',
    components: [
      new ActionRowBuilder().addComponents(
        new ButtonBuilder()
          .setCustomId('btn_register_confirm')
          .setLabel('📋 ยืนยัน & ส่งข้อมูล')
          .setStyle(ButtonStyle.Success)
      ),
    ],
    ephemeral: true,
  });
}

// -------- Dropdown Select → diff role --------
async function handleProvinceDropdown(interaction) {
  if (!interaction.isStringSelectMenu()) return;
  if (!interaction.customId.startsWith('province_dd:')) return;

  await interaction.deferUpdate();

  const regionId = interaction.customId.split(':')[1];
  let pending = pendingForms.get(interaction.user.id);
  if (!pending) {
    pending = {formData: {}, selectedProvinces: {}};
    pendingForms.set(interaction.user.id, pending);
  }

  const prev = new Set(pending.selectedProvinces[regionId] || []);
  const next = new Set(interaction.values);

  for (const p of next) {
    if (!prev.has(p)) {
      if (PROVINCE_ROLES[p]) await interaction.member.roles.add(PROVINCE_ROLES[p]);
      if (SUB_REGION_ROLES[p]) await interaction.member.roles.add(SUB_REGION_ROLES[p]);
      if (MAIN_REGION_ROLES[p]) await interaction.member.roles.add(MAIN_REGION_ROLES[p]);
    }
  }

  for (const p of prev) {
    if (!next.has(p)) {
      if (PROVINCE_ROLES[p]) await interaction.member.roles.remove(PROVINCE_ROLES[p]);
      if (SUB_REGION_ROLES[p]) await interaction.member.roles.remove(SUB_REGION_ROLES[p]);
      if (MAIN_REGION_ROLES[p]) await interaction.member.roles.remove(MAIN_REGION_ROLES[p]);
    }
  }

  pending.selectedProvinces[regionId] = interaction.values;
  await syncMemberRoles(interaction.member);
}

// -------- Confirm Button → log channel --------
async function handleRegisterConfirm(interaction) {
  if (!interaction.isButton()) return;
  if (interaction.customId !== 'btn_register_confirm') return;

  await interaction.deferUpdate();

  const pending = pendingForms.get(interaction.user.id);
  if (!pending) {
    return interaction.followUp({content: '❌ ไม่พบข้อมูล กรุณาใช้ /register ใหม่', ephemeral: true});
  }

  const {formData} = pending;
  const {name, memberId, nickname, interest, referredBy} = formData;

  await interaction.member.fetch();
  const allProvinces = Object.entries(PROVINCE_ROLES)
    .filter(([, roleId]) => interaction.member.roles.cache.has(roleId))
    .map(([province]) => province);
  await syncMemberRoles(interaction.member);

  const embed = new EmbedBuilder()
    .setColor(0x5865f3)
    .setThumbnail(interaction.user.displayAvatarURL())
    .addFields(
      {name: 'ชื่อ-นามสกุล',     value: name,                    inline: true},
      {name: 'ชื่อเล่น',          value: nickname,                inline: true},
      {name: 'เลขสมาชิก',         value: memberId || '-',         inline: true},
      {name: 'จังหวัด',           value: allProvinces.join(', ') || '-', inline: false},
      {name: 'ความสนใจ/ความถนัด', value: interest || '-',         inline: false},
      {name: 'แนะนำโดย',         value: referredBy || '-',       inline: true},
      {name: 'Discord',           value: `<@${interaction.user.id}> (${interaction.user.username})`, inline: false},
    )
    .setTimestamp();

  try {
    //const logChannel = interaction.channel;
    const logChannel = interaction.client.logChannel ?? interaction.channel;

    if (logChannel.isThread()) await logChannel.join();
    await logChannel.send({embeds: [embed]});
  } catch (err) {
    console.error('❌ ส่ง log ไม่ได้:', err);
  }

  //await interaction.followUp({content: '✅ บันทึกข้อมูลเรียบร้อยแล้วครับ!', ephemeral: true});
  pendingForms.delete(interaction.user.id);
}

async function handleDeleteLog(interaction) {
  if (!interaction.isButton()) return;
  if (interaction.customId !== 'delete_log') return;
  await interaction.message.delete();
}

// -------- Open Modal จาก Button --------
async function handleOpenRegisterModal(interaction) {
  if (!interaction.isButton()) return;
  if (interaction.customId !== 'btn_open_register_modal') return;
  // mode button ไม่มี existing data เพราะยังไม่ได้ดึง DB
  // ถ้าต้องการ pre-fill ให้ดึงจาก DB ก่อน
  const {getMember} = require('../db/members');
  const existing = await getMember(interaction.user.id);
  await interaction.showModal(buildRegisterModal(existing));
}

module.exports = {
  buildRegisterModal,
  handleModalSubmit,
  handleProvinceDropdown,
  handleRegisterConfirm,
  handleDeleteLog,
  handleOpenRegisterModal,
};
// handlers/interestSelect.js
const { INTEREST_ROLES, SKILL_ROLES, MEDIA_TEAM_ROLE_ID, MEDIA_TEAM_TRIGGERS } = require('../config/roles');
const { INTEREST_BUTTONS, SKILL_BUTTONS, buildRows } = require('../commands/interest');
const { syncMemberRoles } = require('../db/members');

async function handleInterestSelect(interaction) {
  if (!interaction.isButton()) return;

  const [prefix, ...keyParts] = interaction.customId.split(':');
  if (!['interest', 'skill'].includes(prefix)) return;

  await interaction.deferUpdate();

  const name = keyParts.join(':');
  const roleMap = prefix === 'interest' ? INTEREST_ROLES : SKILL_ROLES;
  const buttons = prefix === 'interest' ? INTEREST_BUTTONS : SKILL_BUTTONS;
  const embedTitle = prefix === 'interest' ? '🎯 ความสนใจของคุณคืออะไร?' : '🛠️ ความถนัดของคุณคืออะไร?';
  const embedColor = prefix === 'interest' ? 0xf1c40f : 0x3498db;
  const roleId = roleMap[name];
  const member = interaction.member;

  if (!roleId) {
    return interaction.editReply({
      embeds: [{
        title: embedTitle,
        description: `⚠️ ไม่พบ Role ID สำหรับ \`${name}\``,
        color: embedColor,
      }],
      components: buildRows(buttons, roleMap, member.roles, prefix),
    });
  }

  try {
    const hasRole = member.roles.cache.has(roleId);

    if (hasRole) {
      await member.roles.remove(roleId);

      // ถ้าถอด role ที่เป็น trigger ออก → เช็กว่ายังมี trigger role อื่นอยู่ไหม
      if (MEDIA_TEAM_TRIGGERS.includes(name)) {
        await member.fetch();
        const stillHasMediaTrigger = MEDIA_TEAM_TRIGGERS.some(
          t => t !== name && member.roles.cache.has(SKILL_ROLES[t])
        );
        if (!stillHasMediaTrigger) {
          await member.roles.remove(MEDIA_TEAM_ROLE_ID).catch(() => {});
        }
      }
    } else {
      await member.roles.add(roleId);

      // ถ้าเพิ่ม role ที่เป็น trigger → เพิ่ม ทีมสื่อ ด้วย
      if (MEDIA_TEAM_TRIGGERS.includes(name)) {
        await member.roles.add(MEDIA_TEAM_ROLE_ID).catch(() => {});
      }
    }

    await member.fetch();
    //อัพเดททุก Roles ใหม่หมดหลังแก้ไข
    await syncMemberRoles(interaction.member); 

    const statusMsg = hasRole
      ? `🔴 ถอด role **${name}** ออกแล้ว`
      : `🟢 เพิ่ม role **${name}** แล้ว`;

    await interaction.editReply({
      embeds: [{
        title: embedTitle,
        description: `${statusMsg}`,
        color: embedColor,
      }],
      components: buildRows(buttons, roleMap, member.roles, prefix),
    });

  } catch (err) {
    console.error(`❌ toggle role ${name}:`, err);
    await interaction.editReply({
      embeds: [{
        title: embedTitle,
        description: `❌ เกิดข้อผิดพลาดกับ role **${name}**`,
        color: embedColor,
      }],
      components: buildRows(buttons, roleMap, member.roles, prefix),
    });
  }
}

module.exports = { handleInterestSelect };
// handlers/provinceSelect.js
const { PROVINCE_ROLES, SUB_REGION_ROLES, MAIN_REGION_ROLES } = require('../config/roles');
const { PROVINCE_REGIONS, buildRows } = require('../commands/province');
const { syncMemberRoles } = require('../db/members');

async function handleProvinceBtn(interaction) {
  if (!interaction.isButton()) return;
  if (!interaction.customId.startsWith('prov_btn:')) return;

  await interaction.deferUpdate();

  const parts = interaction.customId.split(':');
  const regionId = parts[1];
  const province = parts.slice(2).join(':');
  const member = interaction.member;

  const provinceRoleId = PROVINCE_ROLES[province];
  const hasRole = provinceRoleId && member.roles.cache.has(provinceRoleId);

  try {
    if (hasRole) {
      if (PROVINCE_ROLES[province]) await member.roles.remove(PROVINCE_ROLES[province]);
      if (SUB_REGION_ROLES[province]) await member.roles.remove(SUB_REGION_ROLES[province]);
      if (MAIN_REGION_ROLES[province]) await member.roles.remove(MAIN_REGION_ROLES[province]);
    } else {
      if (PROVINCE_ROLES[province]) await member.roles.add(PROVINCE_ROLES[province]);
      if (SUB_REGION_ROLES[province]) await member.roles.add(SUB_REGION_ROLES[province]);
      if (MAIN_REGION_ROLES[province]) await member.roles.add(MAIN_REGION_ROLES[province]);
    }

    await member.fetch();
    //อัพเดททุก Roles ใหม่หมดหลังแก้ไข
    await syncMemberRoles(interaction.member); 

    const region = PROVINCE_REGIONS.find((r) => r.id === regionId);
    await interaction.editReply({
      components: buildRows(region, member.roles),
    });
  } catch (err) {
    console.error(`❌ toggle province ${province}:`, err);
  }
}

module.exports = { handleProvinceBtn };
// commands/register.js
const {SlashCommandBuilder, ActionRowBuilder, ButtonBuilder, ButtonStyle} = require('discord.js');
const {getMember} = require('../db/members');
const {buildRegisterModal} = require('../handlers/registerHandler');

module.exports = {
  data: new SlashCommandBuilder()
    .setName('register')
    .setDescription('ลงทะเบียนสมาชิก')
    .addStringOption(option =>
      option
        .setName('mode')
        .setDescription('วิธีลงทะเบียน')
        .setRequired(false)
        .addChoices(
          {name: 'Modal (default)', value: 'modal'},
          {name: 'Button', value: 'button'},
        )
    ),

  async execute(interaction) {
    const existing = await getMember(interaction.user.id);
    const mode = interaction.options.getString('mode') ?? 'modal';

    if (mode === 'modal') {
      await interaction.showModal(buildRegisterModal(existing));
    } else {
      await interaction.reply({
        content: 'กดปุ่มด้านล่างเพื่อเริ่มลงทะเบียนครับ',
        components: [
          new ActionRowBuilder().addComponents(
            new ButtonBuilder()
              .setCustomId('btn_open_register_modal')
              .setLabel('📋 ลงทะเบียน')
              .setStyle(ButtonStyle.Primary)
          ),
        ],
        ephemeral: true,
      });
    }
  },
};
// commands/interest.js
const {
  SlashCommandBuilder,
  ActionRowBuilder,
  ButtonBuilder,
  ButtonStyle,
  EmbedBuilder,
} = require('discord.js');
const { INTEREST_ROLES, SKILL_ROLES } = require('../config/roles');

const INTEREST_BUTTONS = [
  { label: 'อาสาประชาชน', emoji: '🍊', key: 'อาสาประชาชน' },
  { label: 'ทีมตัวแทนสมาชิก', emoji: '👥', key: 'ทีมตัวแทนสมาชิก' },
  { label: 'ทีมเครือข่ายชาติพันธุ์', emoji: '🧣', key: 'ทีมเครือข่ายชาติพันธุ์' },
  { label: 'ประชาชนคนเกษตร', emoji: '🌾', key: 'ประชาชนคนเกษตร' },
  { label: 'ทีมเครือข่ายผู้ใช้แรงงาน', emoji: '✊', key: 'ทีมเครือข่ายผู้ใช้แรงงาน' },
  { label: 'ทีมงานสภา', emoji: '🏛️', key: 'ทีมงานสภา' },
  { label: 'ทีมจังหวัด/สมาชิกสัมพันธ์', emoji: '🤝', key: 'ทีมจังหวัด/สมาชิกสัมพันธ์' },
  { label: 'ทีมผู้ช่วยหาเสียง/เรื่องร้องเรียน', emoji: '📣', key: 'ทีมผู้ช่วยหาเสียง/เรื่องร้องเรียน' },
  { label: 'ทีมผู้สมัครรับเลือกตั้ง', emoji: '🪪', key: 'ทีมผู้สมัครรับเลือกตั้ง' },
  { label: 'ทีมเจ้าหน้าที่/สตาฟ', emoji: '👷', key: 'ทีมเจ้าหน้าที่/สตาฟ' },
  { label: 'ทีมระดมทุน', emoji: '💰', key: 'ทีมระดมทุน' },
  { label: 'เด็กติดเกม', emoji: '🎲', key: 'เด็กติดเกม' },
];

const SKILL_BUTTONS = [
  { label: 'ทีมกระบวนกร', emoji: '🧙', key: 'ทีมกระบวนกร' },
  { label: 'ทีมกราฟิก', emoji: '🖼️', key: 'ทีมกราฟิก' },
  { label: 'ทีมคอนเทนต์', emoji: '✍️', key: 'ทีมคอนเทนต์' },
  { label: 'ทีมตัดต่อ', emoji: '🎬', key: 'ทีมตัดต่อ' },
  { label: 'ทีมช่างภาพ', emoji: '📸', key: 'ทีมช่างภาพ' },
  { label: 'ทีมนโยบาย', emoji: '📊', key: 'ทีมนโยบาย' },
  { label: 'ทีม9geek', emoji: '💻', key: 'ทีม9geek' },
  { label: 'ทีมกฎหมาย', emoji: '⚖️', key: 'ทีมกฎหมาย' },
];

function buildRows(buttons, roleMap, memberRoles, prefix) {
  const rows = [];
  for (let i = 0; i < buttons.length; i += 4) {
    const chunk = buttons.slice(i, i + 4);
    rows.push(
      new ActionRowBuilder().addComponents(
        chunk.map((b) => {
          const roleId = roleMap[b.key];
          const hasRole = roleId && memberRoles.cache.has(roleId);
          return new ButtonBuilder()
            .setCustomId(`${prefix}:${b.key}`)
            .setLabel(b.label)
            .setEmoji(b.emoji)
            .setStyle(hasRole ? ButtonStyle.Primary : ButtonStyle.Secondary);
        })
      )
    );
  }
  return rows;
}

module.exports = {
  data: new SlashCommandBuilder()
    .setName('interest')
    .setDescription('เลือกความสนใจและความถนัดของคุณ')
    .addBooleanOption(option =>
      option.setName('ephemeral').setDescription('แสดงผลแบบส่วนตัว').setRequired(false)
    ),

  async execute(interaction) {
    const memberRoles = interaction.member.roles;
    const ephemeral = interaction.options.getBoolean('ephemeral') ?? true;

    const interestEmbed = new EmbedBuilder()
      .setTitle('🎯 ความสนใจของคุณคืออะไร?')
      .setDescription('กดเพื่อเลือก • กดซ้ำเพื่อถอด\n🔵 = มี role อยู่แล้ว • ⬜ = ยังไม่มี')
      .setColor(0xf1c40f);

    const skillEmbed = new EmbedBuilder()
      .setTitle('🛠️ ความถนัดของคุณคืออะไร?')
      .setDescription('กดเพื่อเลือก • กดซ้ำเพื่อถอด\n🔵 = มี role อยู่แล้ว • ⬜ = ยังไม่มี')
      .setColor(0x3498db);

    // Message 1: ความสนใจ
    await interaction.reply({
      embeds: [interestEmbed],
      components: buildRows(INTEREST_BUTTONS, INTEREST_ROLES, memberRoles, 'interest'),
      ephemeral,
    });

    // Message 2: ความถนัด
    await interaction.followUp({
      embeds: [skillEmbed],
      components: buildRows(SKILL_BUTTONS, SKILL_ROLES, memberRoles, 'skill'),
      ephemeral,
    });
  },

  // export ไว้ให้ handler ใช้ rebuild rows หลัง toggle
  INTEREST_BUTTONS,
  SKILL_BUTTONS,
  buildRows,
};// commands/province.js
const {
  SlashCommandBuilder,
  ActionRowBuilder,
  ButtonBuilder,
  ButtonStyle,
  EmbedBuilder,
} = require('discord.js');
const { PROVINCE_ROLES, SUB_REGION_ROLES, MAIN_REGION_ROLES } = require('../config/roles');
const { BKK_HINT } = require('../config/hints');

const PROVINCE_REGIONS = [
  {
    id: 'bkk',
    label: '🏙️ กรุงเทพฯ & ปริมณฑล',
    color: 0x3498db,
    provinces: [
      'กรุงเทพชั้นใน', 'กรุงเทพธนบุรี', 'กรุงเทพตะวันออก', 'กรุงเทพเหนือ',
      'นนทบุรี', 'สมุทรปราการ', 'สมุทรสาคร', 'ปทุมธานี',
    ],
  },
  {
    id: 'central',
    label: '🌿 ภาคกลาง',
    color: 0x2ecc71,
    provinces: [
      'ราชบุรี', 'นครปฐม', 'กาญจนบุรี', 'เพชรบุรี', 'สุพรรณบุรี',
      'สมุทรสงคราม', 'ประจวบคีรีขันธ์', 'อุทัยธานี', 'อ่างทอง', 'สระบุรี',
      'อยุธยา', 'นครนายก', 'ลพบุรี', 'ชัยนาท', 'สิงห์บุรี',
    ],
  },
  {
    id: 'north',
    label: '🌄 ภาคเหนือ',
    color: 0xf39c12,
    provinces: [
      'แม่ฮ่องสอน', 'แพร่', 'ลำพูน', 'ลำปาง', 'พะเยา',
      'เชียงใหม่', 'เชียงราย', 'น่าน', 'กำแพงเพชร', 'ตาก',
      'นครสวรรค์', 'พิจิตร', 'พิษณุโลก', 'เพชรบูรณ์', 'สุโขทัย', 'อุตรดิตถ์',
    ],
  },
  {
    id: 'east',
    label: '🌊 ภาคตะวันออก',
    color: 0x1abc9c,
    provinces: [
      'สระแก้ว', 'ตราด', 'จันทบุรี', 'ระยอง',
      'ชลบุรี', 'ฉะเชิงเทรา', 'ปราจีนบุรี',
    ],
  },
  {
    id: 'northeast',
    label: '🌾 ภาคอีสาน',
    color: 0xe67e22,
    provinces: [
      'อุดรธานี', 'หนองคาย', 'บึงกาฬ', 'สกลนคร', 'มุกดาหาร',
      'นครพนม', 'อำนาจเจริญ', 'เลย', 'ชัยภูมิ', 'ขอนแก่น',
      'กาฬสินธุ์', 'ยโสธร', 'หนองบัวลำภู', 'มหาสารคาม', 'ร้อยเอ็ด',
      'อุบลราชธานี', 'ศรีสะเกษ', 'สุรินทร์', 'บุรีรัมย์', 'นครราชสีมา',
    ],
  },
  {
    id: 'south',
    label: '🏖️ ภาคใต้',
    color: 0x9b59b6,
    provinces: [
      'ชุมพร', 'พังงา', 'ระนอง', 'ภูเก็ต', 'สุราษฎร์ธานี',
      'นครศรีธรรมราช', 'ตรัง', 'กระบี่', 'สงขลา', 'พัทลุง',
      'สตูล', 'ปัตตานี', 'ยะลา', 'นราธิวาส',
    ],
  },
];

function buildRows(region, memberRoles) {
  const rows = [];
  for (let i = 0; i < region.provinces.length; i += 4) {
    const chunk = region.provinces.slice(i, i + 4);
    rows.push(
      new ActionRowBuilder().addComponents(
        chunk.map((p) => {
          const roleId = PROVINCE_ROLES[p];
          const hasRole = roleId && memberRoles.cache.has(roleId);
          return new ButtonBuilder()
            .setCustomId(`prov_btn:${region.id}:${p}`)
            .setLabel(p)
            .setStyle(hasRole ? ButtonStyle.Primary : ButtonStyle.Secondary);
        })
      )
    );
  }
  return rows;
}

module.exports = {
  data: new SlashCommandBuilder()
    .setName('province')
    .setDescription('เลือกจังหวัดของคุณ')
    .addBooleanOption(option =>
      option.setName('ephemeral').setDescription('แสดงผลแบบส่วนตัว').setRequired(false)
    ),
  
  async execute(interaction) {
    const memberRoles = interaction.member.roles;
    const ephemeral = interaction.options.getBoolean('ephemeral') ?? true;
    
    await interaction.reply({
      embeds: [new EmbedBuilder()
        .setTitle('🏙️ กรุงเทพฯ & ปริมณฑล')
        .setDescription(BKK_HINT)
        .setColor(0x3498db)],
      components: buildRows(PROVINCE_REGIONS[0], memberRoles),
      ephemeral,
    });

    for (let i = 1; i < PROVINCE_REGIONS.length; i++) {
      const region = PROVINCE_REGIONS[i];
      await interaction.followUp({
        embeds: [new EmbedBuilder().setTitle(region.label).setColor(region.color)],
        components: buildRows(region, memberRoles),
        ephemeral,
      });
    }
  },

  PROVINCE_REGIONS,
  buildRows,
};
// commands/setup-register.js
const {SlashCommandBuilder, ActionRowBuilder, ButtonBuilder, ButtonStyle, EmbedBuilder, PermissionFlagsBits} = require('discord.js');

module.exports = {
  data: new SlashCommandBuilder()
    .setName('setup-register')
    .setDescription('ติดตั้ง sticky message ลงทะเบียนใน channel นี้')
    .setDefaultMemberPermissions(PermissionFlagsBits.ManageChannels)
    .addChannelOption(option =>
      option
        .setName('log_channel')
        .setDescription('channel ที่จะส่ง log การลงทะเบียน (default: channel นี้)')
        .setRequired(false)
    ),

  async execute(interaction) {
    await interaction.deferReply({ephemeral: true});

    if (!interaction.client.stickyMessages) interaction.client.stickyMessages = new Map();

    // ลบ sticky เดิมถ้ามี
    const oldId = interaction.client.stickyMessages.get(interaction.channelId);
    if (oldId) {
      try {
        const old = await interaction.channel.messages.fetch(oldId);
        await old.delete();
      } catch {}
    }

    // เก็บ log channel
    const logChannel = interaction.options.getChannel('log_channel') ?? interaction.channel;
    interaction.client.logChannel = logChannel;
    console.log(`📋 Log channel: ${logChannel.name}`);

    const embed = new EmbedBuilder()
      .setTitle('📋 แนะนำตัวสมาชิก อาสาประชาชน')
      .setDescription('กดปุ่มด้านล่างเพื่อแนะนำตัวหรืออัปเดตข้อมูลของคุณได้เลย')
      .setColor(0x5865f3);

    const row = new ActionRowBuilder().addComponents(
      new ButtonBuilder()
        .setCustomId('btn_open_register_modal')
        .setLabel('✍️ กดปุ่มนี้เพื่อเริ่มแนะนำตัว')
        .setStyle(ButtonStyle.Primary)
    );

    const sent = await interaction.channel.send({embeds: [embed], components: [row]});
    console.log(`📌 Sticky message ID: ${sent.id} in channel: ${interaction.channelId}`);
    interaction.client.stickyMessages.set(interaction.channelId, sent.id);

    const logMsg = logChannel.id !== interaction.channelId
    ? `✅ ติดตั้ง sticky message เรียบร้อยแล้ว\n📋 Log จะส่งไปที่ <#${logChannel.id}>`
    : '✅ ติดตั้ง sticky message เรียบร้อยแล้ว';
    
    await interaction.editReply({content: '✅ ติดตั้ง sticky message เรียบร้อยแล้วครับ'});
  },
};
// config/roles.js
// Auto-generated by exportRoles.js — 11/3/2569 13:41:55

const ROLES = {
  'Admin': '1340903354473119773',
  'Xenon': '1375141286146871408',
  'Wick': '1375169693450764413',
  'Forms': '1480488935267504222',
  'Sapphire': '1458131565577109639',
  'Moderator': '1341073366517420123',
  'Quarantine': '1375171935792791582',
  'Stage': '1350137159666892873',
  'เจ้าหน้าที่พรรค': '1340903354133381212',
  'ฝ่ายเครือข่าย': '1340903354473119769',
  'รองเลขาธิการ': '1340903354473119772',
  'ผู้ประสานงานภาค': '1340903354037178411',
  'ฟาส่วนกลาง': '1341275155657392218',
  'ผู้ประสานงานจังหวัด': '1340903354473119768',
  'กรรมการจังหวัด': '1341128772367286443',
  'กรรมการสรรหา': '1419691066046545970',
  'สส.พรรค': '1366778775433646221',
  'Roler': '1479125055974801569',
  'PPLEVolunteers': '1480476262886805571',
  'Test Bot': '1480607060910538866',
  'ทีมกรุงเทพ': '1340903354473119767',
  'ทีมปริมณฑล': '1340903354452414503',
  'ทีมกรุงเทพชั้นใน': '1341630959958884433',
  'ทีมกรุงเทพธนบุรี': '1341631059833393273',
  'ทีมกรุงเทพตะวันออก': '1341631104247005215',
  'ทีมกรุงเทพเหนือ': '1341631157703540856',
  'ทีมภาคตะวันออก': '1340903354473119765',
  'ทีมภาคอีสาน': '1480983525879578685',
  'ทีมภาคอีสานเหนือ': '1340903354452414502',
  'ทีมภาคอีสานกลาง': '1340903354452414501',
  'ทีมภาคอีสานใต้': '1340903354452414500',
  'ทีมภาคเหนือ': '1480983575074439362',
  'ทีมภาคเหนือตอนบน': '1340903354473119766',
  'ทีมภาคเหนือตอนล่าง': '1340903354452414499',
  'ทีมภาคกลาง': '1340903354452414498',
  'ทีมภาคกลางตะวันตก': '1388091057320759478',
  'ทีมภาคกลางตะวันออก': '1388091173683593267',
  'ทีมภาคใต้': '1480983633534914641',
  'ทีมภาคใต้ตอนบน': '1340903354452414496',
  'ทีมภาคใต้ตอนล่าง': '1340903354452414495',
  'ทีม 3 จังหวัด': '1340903354452414494',
  'ทีมเชียงใหม่': '1340903354431180818',
  'ทีมเชียงราย': '1340903354431180817',
  'ทีมแม่ฮ่องสอน': '1340903354431180816',
  'ทีมลำพูน': '1340903354431180815',
  'ทีมลำปาง': '1340903354431180814',
  'ทีมแพร่': '1340903354431180813',
  'ทีมพะเยา': '1340903354431180812',
  'ทีมน่าน': '1340903354431180811',
  'ทีมตราด': '1340903354431180810',
  'ทีมจันทบุรี': '1340903354406010949',
  'ทีมระยอง': '1340903354406010948',
  'ทีมชลบุรี': '1340903354406010947',
  'ทีมฉะเชิงเทรา': '1340903354406010946',
  'ทีมปราจีนบุรี': '1340903354406010945',
  'ทีมสระแก้ว': '1340903354406010944',
  'ทีมนนทบุรี': '1340903354406010943',
  'ทีมปทุมธานี': '1340903354406010942',
  'ทีมสมุทรสาคร': '1340903354406010941',
  'ทีมอุดรธานี': '1340903354406010940',
  'ทีมหนองคาย': '1340903354376917031',
  'ทีมบึงกาฬ': '1340903354376917030',
  'ทีมสกลนคร': '1340903354376917029',
  'ทีมมุกดาหาร': '1340903354376917028',
  'ทีมนครพนม': '1340903354376917027',
  'ทีมอำนาจเจริญ': '1340903354376917026',
  'ทีมเลย': '1340903354376917025',
  'ทีมชัยภูมิ': '1340903354376917024',
  'ทีมขอนแก่น': '1340903354376917023',
  'ทีมกาฬสินธุ์': '1340903354376917022',
  'ทีมยโสธร': '1340903354334711857',
  'ทีมหนองบัวลำภู': '1340903354334711856',
  'ทีมมหาสารคาม': '1340903354334711855',
  'ทีมร้อยเอ็ด': '1340903354334711854',
  'ทีมอุบลราชธานี': '1340903354334711853',
  'ทีมศรีสะเกษ': '1340903354334711852',
  'ทีมสุรินทร์': '1340903354334711851',
  'ทีมบุรีรัมย์': '1340903354334711850',
  'ทีมนครราชสีมา': '1340903354334711849',
  'ทีมกำแพงเพชร': '1340903354334711848',
  'ทีมตาก': '1340903354318061650',
  'ทีมนครสวรรค์': '1340903354318061649',
  'ทีมพิจิตร': '1340903354318061648',
  'ทีมพิษณุโลก': '1340903354318061647',
  'ทีมเพชรบูรณ์': '1340903354318061646',
  'ทีมสุโขทัย': '1340903354318061645',
  'ทีมอุตรดิตถ์': '1340903354318061644',
  'ทีมสุพรรณบุรี': '1340903354318061643',
  'ทีมราชบุรี': '1340903354318061642',
  'ทีมนครปฐม': '1340903354318061641',
  'ทีมกาญจนบุรี': '1340903354284642405',
  'ทีมเพชรบุรี': '1340903354284642404',
  'ทีมสมุทรปราการ': '1340903354284642403',
  'ทีมสมุทรสงคราม': '1340903354284642402',
  'ทีมประจวบคีรีขันธ์': '1340903354284642401',
  'ทีมอุทัยธานี': '1340903354284642400',
  'ทีมอ่างทอง': '1340903354284642399',
  'ทีมสระบุรี': '1340903354284642398',
  'ทีมอยุธยา': '1340903354284642397',
  'ทีมนครนายก': '1340903354284642396',
  'ทีมลพบุรี': '1340903354200494150',
  'ทีมชัยนาท': '1340903354200494149',
  'ทีมสิงห์บุรี': '1340903354200494148',
  'ทีมชุมพร': '1340903354200494147',
  'ทีมพังงา': '1340903354200494146',
  'ทีมภูเก็ต': '1340903354200494145',
  'ทีมนครศรีธรรมราช': '1340903354200494144',
  'ทีมระนอง': '1340903354200494143',
  'ทีมสุราษฎร์ธานี': '1340903354200494142',
  'ทีมกระบี่': '1340903354200494141',
  'ทีมสงขลา': '1340903354133381219',
  'ทีมตรัง': '1340903354133381218',
  'ทีมพัทลุง': '1340903354133381217',
  'ทีมสตูล': '1340903354133381216',
  'ทีมนราธิวาส': '1340903354133381215',
  'ทีมปัตตานี': '1340903354133381214',
  'ทีมยะลา': '1340903354133381213',
  'ทีมกระบวนกร': '1341120808470319236',
  'ทีมบรรณาธิการ': '1443822540987306055',
  'ทีมสื่อ': '1341847466542366760',
  'ทีมตัดต่อ': '1341128615697580146',
  'ทีมกราฟิก': '1341129461994754109',
  'ทีมกราฟิกภาคใต้': '1370023969071169546',
  'ทีมคอนเทนต์': '1341132300489982083',
  'ทีมช่างภาพ': '1341282426239975424',
  'ทีมกฏหมาย': '1341129508543139943',
  'ทีม9geek': '1341129669642289222',
  'ทีมData': '1443135550159847464',
  'ทีมนโยบาย': '1341131920330981467',
  'อาสาประชาชน': '1340903354133381211',
  'ทีมตัวแทนสมาชิก (101)': '1341131663199174817',
  'ทีมพื้นที่/ร้องเรียน': '1351627171524775936',
  'ทีมผู้สมัครฯ': '1351627244858245223',
  'ทีมงานสภา': '1351627732601012297',
  'ทีมเจ้าหน้าที่': '1351635648121016320',
  'ทีมเครือข่ายชาติพันธุ์': '1340903354037178413',
  'ทีมเครือข่ายแรงงาน': '1381172238836826225',
  'ทีมประชาชนคนเกษตร': '1479746246594924706',
  'ทีมระดมทุน': '1341282168374165565',
  'ทีมสมาชิกสัมพันธ์': '1351627534139396216',
  'เด็กติดเกม': '1360645805958107146',
};

// ----------------------------------------------------------------
// Q1 ความสนใจ
// ----------------------------------------------------------------
const INTEREST_ROLES = {
  'อาสาประชาชน': ROLES['อาสาประชาชน'],
  'ทีมตัวแทนสมาชิก': ROLES['ทีมตัวแทนสมาชิก (101)'],
  'ทีมเครือข่ายชาติพันธุ์': ROLES['ทีมเครือข่ายชาติพันธุ์'],
  'ประชาชนคนเกษตร': ROLES['ทีมประชาชนคนเกษตร'],
  'ทีมเครือข่ายผู้ใช้แรงงาน': ROLES['ทีมเครือข่ายแรงงาน'],
  'ทีมงานสภา': ROLES['ทีมงานสภา'],
  'ทีมจังหวัด/สมาชิกสัมพันธ์': ROLES['ทีมสมาชิกสัมพันธ์'],
  'ทีมผู้ช่วยหาเสียง/เรื่องร้องเรียน': ROLES['ทีมพื้นที่/ร้องเรียน'],
  'ทีมผู้สมัครรับเลือกตั้ง': ROLES['ทีมผู้สมัครฯ'],
  'ทีมเจ้าหน้าที่/สตาฟ': ROLES['ทีมเจ้าหน้าที่'],
  'ทีมระดมทุน': ROLES['ทีมระดมทุน'],
  'เด็กติดเกม': ROLES['เด็กติดเกม'],
};

// ----------------------------------------------------------------
// Q2 ความถนัด
// ----------------------------------------------------------------
const SKILL_ROLES = {
  'ทีมกระบวนกร': ROLES['ทีมกระบวนกร'],
  'ทีมกราฟิก': ROLES['ทีมกราฟิก'],
  'ทีมคอนเทนต์': ROLES['ทีมคอนเทนต์'],
  'ทีมตัดต่อ': ROLES['ทีมตัดต่อ'],
  'ทีมช่างภาพ': ROLES['ทีมช่างภาพ'],
  'ทีมนโยบาย': ROLES['ทีมนโยบาย'],
  'ทีม9geek': ROLES['ทีม9geek'],
  'ทีมกฎหมาย': ROLES['ทีมกฏหมาย'],
};

// เพิ่มตรงนี้
const MEDIA_TEAM_ROLE_ID = '1341847466542366760'; // ใส่ Role ID ของ ทีมสื่อ
const MEDIA_TEAM_TRIGGERS = ['ทีมกราฟิก', 'ทีมช่างภาพ', 'ทีมคอนเทนต์', 'ทีมตัดต่อ'];

// ----------------------------------------------------------------
// จังหวัด → role ทีมจังหวัด
// ----------------------------------------------------------------
const PROVINCE_ROLES = {
  'กรุงเทพชั้นใน': ROLES['ทีมกรุงเทพชั้นใน'],
  'กรุงเทพธนบุรี': ROLES['ทีมกรุงเทพธนบุรี'],
  'กรุงเทพตะวันออก': ROLES['ทีมกรุงเทพตะวันออก'],
  'กรุงเทพเหนือ': ROLES['ทีมกรุงเทพเหนือ'],
  'นนทบุรี': ROLES['ทีมนนทบุรี'],
  'สมุทรปราการ': ROLES['ทีมสมุทรปราการ'],
  'สมุทรสาคร': ROLES['ทีมสมุทรสาคร'],
  'ปทุมธานี': ROLES['ทีมปทุมธานี'],
  'ราชบุรี': ROLES['ทีมราชบุรี'],
  'นครปฐม': ROLES['ทีมนครปฐม'],
  'กาญจนบุรี': ROLES['ทีมกาญจนบุรี'],
  'เพชรบุรี': ROLES['ทีมเพชรบุรี'],
  'สุพรรณบุรี': ROLES['ทีมสุพรรณบุรี'],
  'สมุทรสงคราม': ROLES['ทีมสมุทรสงคราม'],
  'ประจวบคีรีขันธ์': ROLES['ทีมประจวบคีรีขันธ์'],
  'อุทัยธานี': ROLES['ทีมอุทัยธานี'],
  'อ่างทอง': ROLES['ทีมอ่างทอง'],
  'สระบุรี': ROLES['ทีมสระบุรี'],
  'อยุธยา': ROLES['ทีมอยุธยา'],
  'นครนายก': ROLES['ทีมนครนายก'],
  'ลพบุรี': ROLES['ทีมลพบุรี'],
  'ชัยนาท': ROLES['ทีมชัยนาท'],
  'สิงห์บุรี': ROLES['ทีมสิงห์บุรี'],
  'แม่ฮ่องสอน': ROLES['ทีมแม่ฮ่องสอน'],
  'แพร่': ROLES['ทีมแพร่'],
  'ลำพูน': ROLES['ทีมลำพูน'],
  'ลำปาง': ROLES['ทีมลำปาง'],
  'พะเยา': ROLES['ทีมพะเยา'],
  'เชียงใหม่': ROLES['ทีมเชียงใหม่'],
  'เชียงราย': ROLES['ทีมเชียงราย'],
  'น่าน': ROLES['ทีมน่าน'],
  'กำแพงเพชร': ROLES['ทีมกำแพงเพชร'],
  'ตาก': ROLES['ทีมตาก'],
  'นครสวรรค์': ROLES['ทีมนครสวรรค์'],
  'พิจิตร': ROLES['ทีมพิจิตร'],
  'พิษณุโลก': ROLES['ทีมพิษณุโลก'],
  'เพชรบูรณ์': ROLES['ทีมเพชรบูรณ์'],
  'สุโขทัย': ROLES['ทีมสุโขทัย'],
  'อุตรดิตถ์': ROLES['ทีมอุตรดิตถ์'],
  'สระแก้ว': ROLES['ทีมสระแก้ว'],
  'ตราด': ROLES['ทีมตราด'],
  'จันทบุรี': ROLES['ทีมจันทบุรี'],
  'ระยอง': ROLES['ทีมระยอง'],
  'ชลบุรี': ROLES['ทีมชลบุรี'],
  'ฉะเชิงเทรา': ROLES['ทีมฉะเชิงเทรา'],
  'ปราจีนบุรี': ROLES['ทีมปราจีนบุรี'],
  'อุดรธานี': ROLES['ทีมอุดรธานี'],
  'หนองคาย': ROLES['ทีมหนองคาย'],
  'บึงกาฬ': ROLES['ทีมบึงกาฬ'],
  'สกลนคร': ROLES['ทีมสกลนคร'],
  'มุกดาหาร': ROLES['ทีมมุกดาหาร'],
  'นครพนม': ROLES['ทีมนครพนม'],
  'อำนาจเจริญ': ROLES['ทีมอำนาจเจริญ'],
  'เลย': ROLES['ทีมเลย'],
  'ชัยภูมิ': ROLES['ทีมชัยภูมิ'],
  'ขอนแก่น': ROLES['ทีมขอนแก่น'],
  'กาฬสินธุ์': ROLES['ทีมกาฬสินธุ์'],
  'ยโสธร': ROLES['ทีมยโสธร'],
  'หนองบัวลำภู': ROLES['ทีมหนองบัวลำภู'],
  'มหาสารคาม': ROLES['ทีมมหาสารคาม'],
  'ร้อยเอ็ด': ROLES['ทีมร้อยเอ็ด'],
  'อุบลราชธานี': ROLES['ทีมอุบลราชธานี'],
  'ศรีสะเกษ': ROLES['ทีมศรีสะเกษ'],
  'สุรินทร์': ROLES['ทีมสุรินทร์'],
  'บุรีรัมย์': ROLES['ทีมบุรีรัมย์'],
  'นครราชสีมา': ROLES['ทีมนครราชสีมา'],
  'ชุมพร': ROLES['ทีมชุมพร'],
  'พังงา': ROLES['ทีมพังงา'],
  'ระนอง': ROLES['ทีมระนอง'],
  'ภูเก็ต': ROLES['ทีมภูเก็ต'],
  'สุราษฎร์ธานี': ROLES['ทีมสุราษฎร์ธานี'],
  'นครศรีธรรมราช': ROLES['ทีมนครศรีธรรมราช'],
  'ตรัง': ROLES['ทีมตรัง'],
  'กระบี่': ROLES['ทีมกระบี่'],
  'สงขลา': ROLES['ทีมสงขลา'],
  'พัทลุง': ROLES['ทีมพัทลุง'],
  'สตูล': ROLES['ทีมสตูล'],
  'ปัตตานี': ROLES['ทีมปัตตานี'],
  'ยะลา': ROLES['ทีมยะลา'],
  'นราธิวาส': ROLES['ทีมนราธิวาส'],
};

// ----------------------------------------------------------------
// จังหวัด → role ภูมิภาคย่อย
// ----------------------------------------------------------------
const SUB_REGION_ROLES = {
  'กรุงเทพชั้นใน': ROLES['ทีมกรุงเทพ'],
  'กรุงเทพธนบุรี': ROLES['ทีมกรุงเทพ'],
  'กรุงเทพตะวันออก': ROLES['ทีมกรุงเทพ'],
  'กรุงเทพเหนือ': ROLES['ทีมกรุงเทพ'],
  'นนทบุรี': ROLES['ทีมปริมณฑล'],
  'สมุทรปราการ': ROLES['ทีมปริมณฑล'],
  'สมุทรสาคร': ROLES['ทีมปริมณฑล'],
  'ปทุมธานี': ROLES['ทีมปริมณฑล'],
  'ราชบุรี': ROLES['ทีมภาคกลางตะวันตก'],
  'นครปฐม': ROLES['ทีมภาคกลางตะวันตก'],
  'กาญจนบุรี': ROLES['ทีมภาคกลางตะวันตก'],
  'เพชรบุรี': ROLES['ทีมภาคกลางตะวันตก'],
  'สุพรรณบุรี': ROLES['ทีมภาคกลางตะวันตก'],
  'สมุทรสงคราม': ROLES['ทีมภาคกลางตะวันตก'],
  'ประจวบคีรีขันธ์': ROLES['ทีมภาคกลางตะวันตก'],
  'อุทัยธานี': ROLES['ทีมภาคกลางตะวันออก'],
  'อ่างทอง': ROLES['ทีมภาคกลางตะวันออก'],
  'สระบุรี': ROLES['ทีมภาคกลางตะวันออก'],
  'อยุธยา': ROLES['ทีมภาคกลางตะวันออก'],
  'นครนายก': ROLES['ทีมภาคกลางตะวันออก'],
  'ลพบุรี': ROLES['ทีมภาคกลางตะวันออก'],
  'ชัยนาท': ROLES['ทีมภาคกลางตะวันออก'],
  'สิงห์บุรี': ROLES['ทีมภาคกลางตะวันออก'],
  'แม่ฮ่องสอน': ROLES['ทีมภาคเหนือตอนบน'],
  'แพร่': ROLES['ทีมภาคเหนือตอนบน'],
  'ลำพูน': ROLES['ทีมภาคเหนือตอนบน'],
  'ลำปาง': ROLES['ทีมภาคเหนือตอนบน'],
  'พะเยา': ROLES['ทีมภาคเหนือตอนบน'],
  'เชียงใหม่': ROLES['ทีมภาคเหนือตอนบน'],
  'เชียงราย': ROLES['ทีมภาคเหนือตอนบน'],
  'น่าน': ROLES['ทีมภาคเหนือตอนบน'],
  'กำแพงเพชร': ROLES['ทีมภาคเหนือตอนล่าง'],
  'ตาก': ROLES['ทีมภาคเหนือตอนล่าง'],
  'นครสวรรค์': ROLES['ทีมภาคเหนือตอนล่าง'],
  'พิจิตร': ROLES['ทีมภาคเหนือตอนล่าง'],
  'พิษณุโลก': ROLES['ทีมภาคเหนือตอนล่าง'],
  'เพชรบูรณ์': ROLES['ทีมภาคเหนือตอนล่าง'],
  'สุโขทัย': ROLES['ทีมภาคเหนือตอนล่าง'],
  'อุตรดิตถ์': ROLES['ทีมภาคเหนือตอนล่าง'],
  'สระแก้ว': ROLES['ทีมภาคตะวันออก'],
  'ตราด': ROLES['ทีมภาคตะวันออก'],
  'จันทบุรี': ROLES['ทีมภาคตะวันออก'],
  'ระยอง': ROLES['ทีมภาคตะวันออก'],
  'ชลบุรี': ROLES['ทีมภาคตะวันออก'],
  'ฉะเชิงเทรา': ROLES['ทีมภาคตะวันออก'],
  'ปราจีนบุรี': ROLES['ทีมภาคตะวันออก'],
  'อุดรธานี': ROLES['ทีมภาคอีสานเหนือ'],
  'หนองคาย': ROLES['ทีมภาคอีสานเหนือ'],
  'บึงกาฬ': ROLES['ทีมภาคอีสานเหนือ'],
  'สกลนคร': ROLES['ทีมภาคอีสานเหนือ'],
  'มุกดาหาร': ROLES['ทีมภาคอีสานเหนือ'],
  'นครพนม': ROLES['ทีมภาคอีสานเหนือ'],
  'อำนาจเจริญ': ROLES['ทีมภาคอีสานเหนือ'],
  'เลย': ROLES['ทีมภาคอีสานกลาง'],
  'ชัยภูมิ': ROLES['ทีมภาคอีสานกลาง'],
  'ขอนแก่น': ROLES['ทีมภาคอีสานกลาง'],
  'กาฬสินธุ์': ROLES['ทีมภาคอีสานกลาง'],
  'ยโสธร': ROLES['ทีมภาคอีสานกลาง'],
  'หนองบัวลำภู': ROLES['ทีมภาคอีสานกลาง'],
  'มหาสารคาม': ROLES['ทีมภาคอีสานกลาง'],
  'ร้อยเอ็ด': ROLES['ทีมภาคอีสานใต้'],
  'อุบลราชธานี': ROLES['ทีมภาคอีสานใต้'],
  'ศรีสะเกษ': ROLES['ทีมภาคอีสานใต้'],
  'สุรินทร์': ROLES['ทีมภาคอีสานใต้'],
  'บุรีรัมย์': ROLES['ทีมภาคอีสานใต้'],
  'นครราชสีมา': ROLES['ทีมภาคอีสานใต้'],
  'ชุมพร': ROLES['ทีมภาคใต้ตอนบน'],
  'พังงา': ROLES['ทีมภาคใต้ตอนบน'],
  'ระนอง': ROLES['ทีมภาคใต้ตอนบน'],
  'ภูเก็ต': ROLES['ทีมภาคใต้ตอนบน'],
  'สุราษฎร์ธานี': ROLES['ทีมภาคใต้ตอนบน'],
  'นครศรีธรรมราช': ROLES['ทีมภาคใต้ตอนบน'],
  'ตรัง': ROLES['ทีมภาคใต้ตอนล่าง'],
  'กระบี่': ROLES['ทีมภาคใต้ตอนล่าง'],
  'สงขลา': ROLES['ทีมภาคใต้ตอนล่าง'],
  'พัทลุง': ROLES['ทีมภาคใต้ตอนล่าง'],
  'สตูล': ROLES['ทีมภาคใต้ตอนล่าง'],
  'ปัตตานี': ROLES['ทีม 3 จังหวัด'],
  'ยะลา': ROLES['ทีม 3 จังหวัด'],
  'นราธิวาส': ROLES['ทีม 3 จังหวัด'],
};

// ----------------------------------------------------------------
// จังหวัด → role ภูมิภาคใหญ่
// ----------------------------------------------------------------
const MAIN_REGION_ROLES = {
  'กรุงเทพชั้นใน': ROLES['ทีมกรุงเทพ'],
  'กรุงเทพธนบุรี': ROLES['ทีมกรุงเทพ'],
  'กรุงเทพตะวันออก': ROLES['ทีมกรุงเทพ'],
  'กรุงเทพเหนือ': ROLES['ทีมกรุงเทพ'],
  'นนทบุรี': ROLES['ทีมปริมณฑล'],
  'สมุทรปราการ': ROLES['ทีมปริมณฑล'],
  'สมุทรสาคร': ROLES['ทีมปริมณฑล'],
  'ปทุมธานี': ROLES['ทีมปริมณฑล'],
  'ราชบุรี': ROLES['ทีมภาคกลาง'],
  'นครปฐม': ROLES['ทีมภาคกลาง'],
  'กาญจนบุรี': ROLES['ทีมภาคกลาง'],
  'เพชรบุรี': ROLES['ทีมภาคกลาง'],
  'สุพรรณบุรี': ROLES['ทีมภาคกลาง'],
  'สมุทรสงคราม': ROLES['ทีมภาคกลาง'],
  'ประจวบคีรีขันธ์': ROLES['ทีมภาคกลาง'],
  'อุทัยธานี': ROLES['ทีมภาคกลาง'],
  'อ่างทอง': ROLES['ทีมภาคกลาง'],
  'สระบุรี': ROLES['ทีมภาคกลาง'],
  'อยุธยา': ROLES['ทีมภาคกลาง'],
  'นครนายก': ROLES['ทีมภาคกลาง'],
  'ลพบุรี': ROLES['ทีมภาคกลาง'],
  'ชัยนาท': ROLES['ทีมภาคกลาง'],
  'สิงห์บุรี': ROLES['ทีมภาคกลาง'],
  'แม่ฮ่องสอน': ROLES['ทีมภาคเหนือ'],
  'แพร่': ROLES['ทีมภาคเหนือ'],
  'ลำพูน': ROLES['ทีมภาคเหนือ'],
  'ลำปาง': ROLES['ทีมภาคเหนือ'],
  'พะเยา': ROLES['ทีมภาคเหนือ'],
  'เชียงใหม่': ROLES['ทีมภาคเหนือ'],
  'เชียงราย': ROLES['ทีมภาคเหนือ'],
  'น่าน': ROLES['ทีมภาคเหนือ'],
  'กำแพงเพชร': ROLES['ทีมภาคเหนือ'],
  'ตาก': ROLES['ทีมภาคเหนือ'],
  'นครสวรรค์': ROLES['ทีมภาคเหนือ'],
  'พิจิตร': ROLES['ทีมภาคเหนือ'],
  'พิษณุโลก': ROLES['ทีมภาคเหนือ'],
  'เพชรบูรณ์': ROLES['ทีมภาคเหนือ'],
  'สุโขทัย': ROLES['ทีมภาคเหนือ'],
  'อุตรดิตถ์': ROLES['ทีมภาคเหนือ'],
  'สระแก้ว': ROLES['ทีมภาคตะวันออก'],
  'ตราด': ROLES['ทีมภาคตะวันออก'],
  'จันทบุรี': ROLES['ทีมภาคตะวันออก'],
  'ระยอง': ROLES['ทีมภาคตะวันออก'],
  'ชลบุรี': ROLES['ทีมภาคตะวันออก'],
  'ฉะเชิงเทรา': ROLES['ทีมภาคตะวันออก'],
  'ปราจีนบุรี': ROLES['ทีมภาคตะวันออก'],
  'อุดรธานี': ROLES['ทีมภาคอีสาน'],
  'หนองคาย': ROLES['ทีมภาคอีสาน'],
  'บึงกาฬ': ROLES['ทีมภาคอีสาน'],
  'สกลนคร': ROLES['ทีมภาคอีสาน'],
  'มุกดาหาร': ROLES['ทีมภาคอีสาน'],
  'นครพนม': ROLES['ทีมภาคอีสาน'],
  'อำนาจเจริญ': ROLES['ทีมภาคอีสาน'],
  'เลย': ROLES['ทีมภาคอีสาน'],
  'ชัยภูมิ': ROLES['ทีมภาคอีสาน'],
  'ขอนแก่น': ROLES['ทีมภาคอีสาน'],
  'กาฬสินธุ์': ROLES['ทีมภาคอีสาน'],
  'ยโสธร': ROLES['ทีมภาคอีสาน'],
  'หนองบัวลำภู': ROLES['ทีมภาคอีสาน'],
  'มหาสารคาม': ROLES['ทีมภาคอีสาน'],
  'ร้อยเอ็ด': ROLES['ทีมภาคอีสาน'],
  'อุบลราชธานี': ROLES['ทีมภาคอีสาน'],
  'ศรีสะเกษ': ROLES['ทีมภาคอีสาน'],
  'สุรินทร์': ROLES['ทีมภาคอีสาน'],
  'บุรีรัมย์': ROLES['ทีมภาคอีสาน'],
  'นครราชสีมา': ROLES['ทีมภาคอีสาน'],
  'ชุมพร': ROLES['ทีมภาคใต้'],
  'พังงา': ROLES['ทีมภาคใต้'],
  'ระนอง': ROLES['ทีมภาคใต้'],
  'ภูเก็ต': ROLES['ทีมภาคใต้'],
  'สุราษฎร์ธานี': ROLES['ทีมภาคใต้'],
  'นครศรีธรรมราช': ROLES['ทีมภาคใต้'],
  'ตรัง': ROLES['ทีมภาคใต้'],
  'กระบี่': ROLES['ทีมภาคใต้'],
  'สงขลา': ROLES['ทีมภาคใต้'],
  'พัทลุง': ROLES['ทีมภาคใต้'],
  'สตูล': ROLES['ทีมภาคใต้'],
  'ปัตตานี': ROLES['ทีมภาคใต้'],
  'ยะลา': ROLES['ทีมภาคใต้'],
  'นราธิวาส': ROLES['ทีมภาคใต้'],
};

module.exports = { ROLES, INTEREST_ROLES, SKILL_ROLES, MEDIA_TEAM_ROLE_ID, MEDIA_TEAM_TRIGGERS, PROVINCE_ROLES, SUB_REGION_ROLES, MAIN_REGION_ROLES };