[dotenv@17.3.1] injecting env (10) from .env -- tip: 🔐 encrypt with Dotenvx: https://dotenvx.com
[dotenv@17.3.1] injecting env (0) from .env -- tip: ⚙️  write to custom object with { processEnv: myObject }
✅ Logged in as PPLE Test#9780
⚠️  DRY RUN mode — ไม่มีการ upsert DB จริง

(node:225608) DeprecationWarning: The ready event has been renamed to clientReady to distinguish it from the gateway READY event and will only emit under that name in v15. Please use clientReady instead.
(Use `node --trace-deprecation ...` to show where the warning was created)
📦 พบ 5310 members ใน server

[DRY RUN] peoplenut (1343189960898904064)
  roles:     ทีมพื้นที่/ร้องเรียน, PC101-กรุงเทพ-7, ทีมนโยบาย, ทีมเครือข่ายแรงงาน, ทีมสมาชิกสัมพันธ์, อาสาประชาชน, ทีมระดมทุน
  province:  -
  interests: ทีมผู้ช่วยหาเสียง/เรื่องร้องเรียน, ทีมนโยบาย, ทีมเครือข่ายผู้ใช้แรงงาน, ทีมจังหวัด/สมาชิกสัมพันธ์, อาสาประชาชน, ทีมระดมทุน
[DRY RUN] poppap_01 (233961543451148289)
  roles:     ทีมเจ้าหน้าที่, ทีมคอนเทนต์, ทีมกระบวนกร, ทีม9geek, ทีมสื่อ, อาสาส้ม, เด็กติดเกม, ทีมนโยบาย, อาสาประชาชน
  province:  -
  interests: ทีมเจ้าหน้าที่/สตาฟ, ทีมคอนเทนต์, ทีมกระบวนกร, ทีม9geek, เด็กติดเกม, ทีมนโยบาย, อาสาประชาชน
[DRY RUN] earthdep (1341960576771035137)
  roles:     อาสาประชาชน
  province:  -
  interests: อาสาประชาชน
[DRY RUN] .hekai (708389205570486334)
  roles:     อาสาประชาชน, ทีมกระบวนกร
  province:  -
  interests: อาสาประชาชน, ทีมกระบวนกร
[DRY RUN] hrang0978 (1370014985257877646)
  roles:     ทีมตัวแทนสมาชิก (101), PC101-ภาคกลาง-1, MP101-รุ่น 4, ผู้สมัครเขตภาคกลาง, ทีมนโยบาย, PC101, อาสาประชาชน, อาสาสู้ภัยพิบัติ
  province:  -
  interests: ทีมตัวแทนสมาชิก, ทีมนโยบาย, อาสาประชาชน
[DRY RUN] wwittawoot (1419596114411393124)
  roles:     ทีมช่างภาพ, ทีมพื้นที่/ร้องเรียน, ทีมเจ้าหน้าที่, ทีมคอนเทนต์, ทีมกระบวนกร, เด็กติดเกม, ทีมตัวแทนสมาชิก (101), ทีมภาคเหนือตอนล่าง, ทีมสื่อ, ทีมเครือข่ายชาติพันธุ์, ทีมระดมทุน, ทีม9geek, ทีมงานสภา, ทีมนครสวรรค์, อาสาประชาชน, ทีมนโยบาย, ทีมผู้สมัครฯ, ทีมเครือข่ายแรงงาน, ทีมสมาชิกสัมพันธ์
  province:  นครสวรรค์
  interests: ทีมช่างภาพ, ทีมผู้ช่วยหาเสียง/เรื่องร้องเรียน, ทีมเจ้าหน้าที่/สตาฟ, ทีมคอนเทนต์, ทีมกระบวนกร, เด็กติดเกม, ทีมตัวแทนสมาชิก, ทีมเครือข่ายชาติพันธุ์, ทีมระดมทุน, ทีม9geek, ทีมงานสภา, อาสาประชาชน, ทีมนโยบาย, ทีมผู้สมัครรับเลือกตั้ง, ทีมเครือข่ายผู้ใช้แรงงาน, ทีมจังหวัด/สมาชิกสัมพันธ์
[DRY RUN] szthxn3253 (762228724866351144)
  roles:     อาสาประชาชน
  province:  -
  interests: อาสาประชาชน
[DRY RUN] thanapon_serimoon (520968465499029504)
  roles:     ทีมช่างภาพ, ทีมคอนเทนต์, ทีม9geek, ทีมสื่อ, อาสาส้ม, เด็กติดเกม, ทีมนโยบาย, ทีมกรุงเทพชั้นใน, ทีมตัดต่อ, ทีมกรุงเทพ, ทีมกรุงเทพเหนือ, อาสาประชาชน, ทีมกราฟิก
  province:  กรุงเทพชั้นใน, กรุงเทพเหนือ
  interests: ทีมช่างภาพ, ทีมคอนเทนต์, ทีม9geek, เด็กติดเกม, ทีมนโยบาย, ทีมตัดต่อ, อาสาประชาชน, ทีมกราฟิก
[DRY RUN] fiona5475 (1144832931634872462)
  roles:     ทีมตัวแทนสมาชิก (101), ทีมคอนเทนต์, ทีมสื่อ, อาสาส้ม, อาสาประชาชน
  province:  -
  interests: ทีมตัวแทนสมาชิก, ทีมคอนเทนต์, อาสาประชาชน
[DRY RUN] tonzurg (387167669532622848)
  roles:     ทีมตัวแทนสมาชิก (101), ทีมภาคกลาง, ทีมเพชรบุรี, กรรมการสรรหา, ทีมภาคกลางตะวันตก, ผู้ประสานงานจังหวัด, อาสาประชาชน
  province:  เพชรบุรี
  interests: ทีมตัวแทนสมาชิก, อาสาประชาชน
[DRY RUN] pickyatx (1007321634878783520)
  roles:     อาสาส้ม, อาสาประชาชน
  province:  -
  interests: อาสาประชาชน
[DRY RUN] xnij.k (425948797022240769)
  roles:     ทีมช่างภาพ, ทีมคอนเทนต์, ทีมสื่อ, อาสาส้ม, เด็กติดเกม, อาสาประชาชน
  province:  -
  interests: ทีมช่างภาพ, ทีมคอนเทนต์, เด็กติดเกม, อาสาประชาชน
[DRY RUN] deltazero. (538273927315849236)
  roles:     อาสาส้ม, เด็กติดเกม, อาสาประชาชน, ทีมกระบวนกร
  province:  -
  interests: เด็กติดเกม, อาสาประชาชน, ทีมกระบวนกร
[DRY RUN] tonfun6166 (1469878269703880775)
  roles:     อาสาส้ม, อาสาประชาชน, ทีมกระบวนกร
  province:  -
  interests: อาสาประชาชน, ทีมกระบวนกร
[DRY RUN] tananya0466 (1469952867963109447)
  roles:     อาสาส้ม, อาสาประชาชน, ทีมกระบวนกร
  province:  -
  interests: อาสาประชาชน, ทีมกระบวนกร
[DRY RUN] papermoon4124 (1018384339676975184)
  roles:     PC101-กรุงเทพ-11, ทีมตัวแทนสมาชิก (101), ทีมกฏหมาย, ทีมนโยบาย, ทีมเครือข่ายชาติพันธุ์, PC101, ทีมกรุงเทพชั้นใน, ทีมกรุงเทพ, ทีมกรุงเทพธนบุรี, อาสาประชาชน
  province:  กรุงเทพชั้นใน, กรุงเทพธนบุรี
  interests: ทีมตัวแทนสมาชิก, ทีมกฎหมาย, ทีมนโยบาย, ทีมเครือข่ายชาติพันธุ์, อาสาประชาชน
[DRY RUN] qualentia (840495735900602378)
  roles:     ทีมพื้นที่/ร้องเรียน, ทีมตัวแทนสมาชิก (101), ทีมกฏหมาย, ทีมนโยบาย, MP101-รุ่น 2, ฟาภูมิภาค, PC101, PC101-กรุงเทพ-3-1, ทีมกรุงเทพ, ทีมกรุงเทพธนบุรี, อาสาประชาชน, MP101
  province:  กรุงเทพธนบุรี
  interests: ทีมผู้ช่วยหาเสียง/เรื่องร้องเรียน, ทีมตัวแทนสมาชิก, ทีมกฎหมาย, ทีมนโยบาย, อาสาประชาชน
[DRY RUN] watcharaapp83 (1389398889936851044)
  roles:     ทีมกระบวนกร, ทีมภาคอีสานเหนือ, ทีมผู้สมัครฯ, PC101, อาสาประชาชน, ทีมอุดรธานี
  province:  อุดรธานี
  interests: ทีมกระบวนกร, ทีมผู้สมัครรับเลือกตั้ง, อาสาประชาชน
[DRY RUN] kmsl2101 (621945157763465217)
  roles:     อาสาส้ม, ทีมงานสภา, อาสาประชาชน, ทีมสมาชิกสัมพันธ์, ทีมนโยบาย
  province:  -
  interests: ทีมงานสภา, อาสาประชาชน, ทีมจังหวัด/สมาชิกสัมพันธ์, ทีมนโยบาย
[DRY RUN] noffnnoff (687650612627767296)
  roles:     ทีมกระบวนกร, ทีม9geek, ทีมกฏหมาย, อาสาส้ม, เด็กติดเกม, ทีมนโยบาย, อาสาประชาชน
  province:  -
  interests: ทีมกระบวนกร, ทีม9geek, ทีมกฎหมาย, เด็กติดเกม, ทีมนโยบาย, อาสาประชาชน
[DRY RUN] .viewwvyy (1044131972185862194)
  roles:     อาสาส้ม, อาสาประชาชน
  province:  -
  interests: อาสาประชาชน
[DRY RUN] zedsad (411692050442878976)
  roles:     ทีมพื้นที่/ร้องเรียน, อาสาส้ม, อาสาประชาชน
  province:  -
  interests: ทีมผู้ช่วยหาเสียง/เรื่องร้องเรียน, อาสาประชาชน
[DRY RUN] tanet0060 (1347582799594524866)
  roles:     ทีมตัวแทนสมาชิก (101), อาสาประชาชน
  province:  -
  interests: ทีมตัวแทนสมาชิก, อาสาประชาชน
[DRY RUN] praewa0050 (1383305919408115804)
  roles:     ทีมตัวแทนสมาชิก (101), ทีมคอนเทนต์, ทีมสื่อ, อาสาประชาชน, อาสาสู้ภัยพิบัติ
  province:  -
  interests: ทีมตัวแทนสมาชิก, ทีมคอนเทนต์, อาสาประชาชน
[DRY RUN] esso9416 (896083193302761472)
  roles:     ทีมช่างภาพ, ทีมคอนเทนต์, ทีมกระบวนกร, ทีม9geek, ทีมกฏหมาย, ทีมสื่อ, อาสาส้ม, อาสาประชาชน, ทีมตัดต่อ, ทีมนโยบาย, ทีมกราฟิก
  province:  -
  interests: ทีมช่างภาพ, ทีมคอนเทนต์, ทีมกระบวนกร, ทีม9geek, ทีมกฎหมาย, อาสาประชาชน, ทีมตัดต่อ, ทีมนโยบาย, ทีมกราฟิก
[DRY RUN] sth.chaannth (1413513234303942789)
  roles:     ทีมกฏหมาย, PC101-ภาคเหนือ-6, อาสาประชาชน, ทีมผู้สมัครฯ
  province:  -
  interests: ทีมกฎหมาย, อาสาประชาชน, ทีมผู้สมัครรับเลือกตั้ง
[DRY RUN] jay.y1191737 (759758689967538227)
  roles:     ทีมช่างภาพ, ทีมสื่อ, อาสาประชาชน, อาสาส้ม
  province:  -
  interests: ทีมช่างภาพ, อาสาประชาชน
[DRY RUN] icezynat (1418578138769657869)
  roles:     ทีมภาคกลาง, ทีมภาคกลางตะวันตก, ทีมกฏหมาย, ทีมราชบุรี, อาสาประชาชน
  province:  ราชบุรี
  interests: ทีมกฎหมาย, อาสาประชาชน
[DRY RUN] mymint49633 (1466797388185210921)
  roles:     ทีมพื้นที่/ร้องเรียน, ทีมตัวแทนสมาชิก (101), ทีมเจ้าหน้าที่, ทีมคอนเทนต์, ทีมกระบวนกร, ทีมผู้สมัครฯ, ทีมสื่อ, อาสาส้ม, ทีมนโยบาย, ทีมตัดต่อ, ทีมสมาชิกสัมพันธ์, อาสาประชาชน
  province:  -
  interests: ทีมผู้ช่วยหาเสียง/เรื่องร้องเรียน, ทีมตัวแทนสมาชิก, ทีมเจ้าหน้าที่/สตาฟ, ทีมคอนเทนต์, ทีมกระบวนกร, ทีมผู้สมัครรับเลือกตั้ง, ทีมนโยบาย, ทีมตัดต่อ, ทีมจังหวัด/สมาชิกสัมพันธ์, อาสาประชาชน
[DRY RUN] lp.0563 (1468257744099475549)
  roles:     อาสาส้ม, อาสาประชาชน
  province:  -
  interests: อาสาประชาชน
[DRY RUN] jennydisco42 (1457765271853858921)
  roles:     ทีมช่างภาพ, ทีมเจ้าหน้าที่, ทีมคอนเทนต์, ทีม9geek, ทีมสื่อ, อาสาส้ม, ทีมตัดต่อ, อาสาประชาชน
  province:  -
  interests: ทีมช่างภาพ, ทีมเจ้าหน้าที่/สตาฟ, ทีมคอนเทนต์, ทีม9geek, ทีมตัดต่อ, อาสาประชาชน
[DRY RUN] cnnnuy (309986827463294977)
  roles:     ทีมพื้นที่/ร้องเรียน, ทีมสงขลา, ทีมกระบวนกร, ทีม9geek, อาสาส้ม, ทีมภาคใต้, ทีมสมาชิกสัมพันธ์, อาสาประชาชน, ทีมภาคใต้ตอนล่าง
  province:  สงขลา
  interests: ทีมผู้ช่วยหาเสียง/เรื่องร้องเรียน, ทีมกระบวนกร, ทีม9geek, ทีมจังหวัด/สมาชิกสัมพันธ์, อาสาประชาชน
[DRY RUN] n_schecter (815479757571227662)
  roles:     ทีมเจ้าหน้าที่, ทีมตัวแทนสมาชิก (101), ทีมกฏหมาย, เด็กติดเกม, PC101, ทีมกรุงเทพชั้นใน, PC101-กรุงเทพ-6, ทีมกรุงเทพ, ทีมกรุงเทพธนบุรี, อาสาประชาชน
  province:  กรุงเทพชั้นใน, กรุงเทพธนบุรี
  interests: ทีมเจ้าหน้าที่/สตาฟ, ทีมตัวแทนสมาชิก, ทีมกฎหมาย, เด็กติดเกม, อาสาประชาชน
[DRY RUN] kamdumgayyy. (1260479931473727499)
  roles:     ทีมคอนเทนต์, ทีมกระบวนกร, ทีม9geek, ทีมกฏหมาย, ทีมสื่อ, ทีมงานสภา, เด็กติดเกม, อาสาส้ม, ทีมนโยบาย, อาสาประชาชน
  province:  -
  interests: ทีมคอนเทนต์, ทีมกระบวนกร, ทีม9geek, ทีมกฎหมาย, ทีมงานสภา, เด็กติดเกม, ทีมนโยบาย, อาสาประชาชน
[DRY RUN] jacu2761 (590805582953316352)
  roles:     อาสาประชาชน, อาสาสู้ภัยพิบัติ
  province:  -
  interests: อาสาประชาชน
[DRY RUN] rachdaa0854 (1370580256456577034)
  roles:     ทีมตัวแทนสมาชิก (101), อาสาประชาชน
  province:  -
  interests: ทีมตัวแทนสมาชิก, อาสาประชาชน
[DRY RUN] 1865090026 (1391053215549624410)
  roles:     ทีมคอนเทนต์, ทีมสื่อ, PC101-ภาคเหนือ-4, PC101, ทีมลำพูน, ทีมภาคเหนือตอนบน, อาสาประชาชน
  province:  ลำพูน
  interests: ทีมคอนเทนต์, อาสาประชาชน
[DRY RUN] na_s0m_o (1278966864743239695)
  roles:     ทีมกระบวนกร, ทีมสื่อ, อาสาส้ม, ทีมตัดต่อ, ทีมกระบี่, อาสาประชาชน, ทีมกราฟิก, ทีมภาคใต้ตอนล่าง
  province:  กระบี่
  interests: ทีมกระบวนกร, ทีมตัดต่อ, อาสาประชาชน, ทีมกราฟิก
[DRY RUN] thananphat8 (1383764106057744384)
  roles:     ทีมพื้นที่/ร้องเรียน, ทีมตัวแทนสมาชิก (101), ทีมเจ้าหน้าที่, ทีมคอนเทนต์, ทีมกระบวนกร, PC101-กรุงเทพ-7, ทีมผู้สมัครฯ, ทีมสื่อ, ทีมงานสภา, ทีมนโยบาย, ทีมกรุงเทพ, ทีมสมาชิกสัมพันธ์, อาสาประชาชน, ผู้สมัครบัญชีรายชื่อ, ทีมกรุงเทพตะวันออก
  province:  กรุงเทพตะวันออก
  interests: ทีมผู้ช่วยหาเสียง/เรื่องร้องเรียน, ทีมตัวแทนสมาชิก, ทีมเจ้าหน้าที่/สตาฟ, ทีมคอนเทนต์, ทีมกระบวนกร, ทีมผู้สมัครรับเลือกตั้ง, ทีมงานสภา, ทีมนโยบาย, ทีมจังหวัด/สมาชิกสัมพันธ์, อาสาประชาชน
[DRY RUN] moze29. (1460505380655337574)
  roles:     ทีมช่างภาพ, ทีมตัวแทนสมาชิก (101), ทีมพื้นที่/ร้องเรียน, ทีมเจ้าหน้าที่, ทีมผู้สมัครฯ, ทีมสื่อ, ทีมงานสภา, ทีมสมาชิกสัมพันธ์, อาสาประชาชน
  province:  -
  interests: ทีมช่างภาพ, ทีมตัวแทนสมาชิก, ทีมผู้ช่วยหาเสียง/เรื่องร้องเรียน, ทีมเจ้าหน้าที่/สตาฟ, ทีมผู้สมัครรับเลือกตั้ง, ทีมงานสภา, ทีมจังหวัด/สมาชิกสัมพันธ์, อาสาประชาชน
[DRY RUN] nina999z (937735589954994217)
  roles:     ทีมพื้นที่/ร้องเรียน, ทีมเจ้าหน้าที่, ทีมกระบวนกร, ทีมภาคอีสานเหนือ, ทีมสื่อ, เด็กติดเกม, อาสาประชาชน, ทีมอุดรธานี, ทีมกราฟิก
  province:  อุดรธานี
  interests: ทีมผู้ช่วยหาเสียง/เรื่องร้องเรียน, ทีมเจ้าหน้าที่/สตาฟ, ทีมกระบวนกร, เด็กติดเกม, อาสาประชาชน, ทีมกราฟิก
[DRY RUN] kannika5445 (1146314045977272350)
  roles:     ทีมช่างภาพ, ทีมพื้นที่/ร้องเรียน, ทีมคอนเทนต์, ทีม9geek, ทีมคอลเซนเตอร์, ทีมราชบุรี, อาสาประชาชน, ทีมตัวแทนสมาชิก (101), ทีมภาคกลาง, ทีมสื่อ, กรรมการจังหวัด, ทีมเครือข่ายชาติพันธุ์, กรรมการสรรหา, ทีมภาคกลางตะวันตก, ทีมสมาชิกสัมพันธ์, ทีมกราฟิก
  province:  ราชบุรี
  interests: ทีมช่างภาพ, ทีมผู้ช่วยหาเสียง/เรื่องร้องเรียน, ทีมคอนเทนต์, ทีม9geek, อาสาประชาชน, ทีมตัวแทนสมาชิก, ทีมเครือข่ายชาติพันธุ์, ทีมจังหวัด/สมาชิกสัมพันธ์, ทีมกราฟิก
[DRY RUN] adamaof6874 (876644576419541053)
  roles:     ทีมช่างภาพ, ทีมคอนเทนต์, ทีมกระบวนกร, ทีม9geek, ทีมสื่อ, อาสาส้ม, อาสาประชาชน, ทีมตัดต่อ, ทีมนโยบาย, ทีมกราฟิก
  province:  -
  interests: ทีมช่างภาพ, ทีมคอนเทนต์, ทีมกระบวนกร, ทีม9geek, อาสาประชาชน, ทีมตัดต่อ, ทีมนโยบาย, ทีมกราฟิก
[DRY RUN] gap2534 (1470004025914167539)
  roles:     อาสาส้ม, อาสาประชาชน
  province:  -
  interests: อาสาประชาชน
[DRY RUN] jirachart_suratthani (1359567938998370450)
  roles:     ทีมภาคใต้ตอนบน, ทีมผู้สมัครฯ, PC101-ภาคใต้-2, ทีมนโยบาย, PC101, อาสาประชาชน, ทีมสุราษฎร์ธานี
  province:  สุราษฎร์ธานี
  interests: ทีมผู้สมัครรับเลือกตั้ง, ทีมนโยบาย, อาสาประชาชน
[DRY RUN] hong7799 (899519041457238028)
  roles:     ทีมตัวแทนสมาชิก (101), ทีมสมุทรปราการ, ทีม9geek, ทีมปริมณฑล, อาสาประชาชน, ทีมสมาชิกสัมพันธ์, ทีมนโยบาย
  province:  สมุทรปราการ
  interests: ทีมตัวแทนสมาชิก, ทีม9geek, อาสาประชาชน, ทีมจังหวัด/สมาชิกสัมพันธ์, ทีมนโยบาย
[DRY RUN] plaakang (305619478211854337)
  roles:     ทีมกรุงเทพชั้นใน, ทีมนโยบาย, ทีมกรุงเทพ, อาสาส้ม, เด็กติดเกม, อาสาประชาชน
  province:  กรุงเทพชั้นใน
  interests: ทีมนโยบาย, เด็กติดเกม, อาสาประชาชน
[DRY RUN] kimhanofumamach (240824988888727552)
  roles:     ทีมช่างภาพ, ทีมตัวแทนสมาชิก (101), ทีมภาคกลาง, ทีมคอนเทนต์, ทีมกระบวนกร, ทีมกาญจนบุรี, ทีมผู้สมัครฯ, เด็กติดเกม, ทีมนโยบาย, PC101, ทีมตัดต่อ, ทีมภาคกลางตะวันตก, ทีมสมาชิกสัมพันธ์, อาสาประชาชน
  province:  กาญจนบุรี
  interests: ทีมช่างภาพ, ทีมตัวแทนสมาชิก, ทีมคอนเทนต์, ทีมกระบวนกร, ทีมผู้สมัครรับเลือกตั้ง, เด็กติดเกม, ทีมนโยบาย, ทีมตัดต่อ, ทีมจังหวัด/สมาชิกสัมพันธ์, อาสาประชาชน
[DRY RUN] phlothwiiraakrprakbesthhmu_35993 (1393953916013772901)
  roles:     -
  province:  -
  interests: -
[DRY RUN] .ultimatexp (623394634772774932)
  roles:     อาสาประชาชน, ทีม9geek
  province:  -
  interests: อาสาประชาชน, ทีม9geek
[DRY RUN] tjbaby0152 (1469985276976824457)
  roles:     อาสาส้ม, อาสาประชาชน
  province:  -
  interests: อาสาประชาชน
[DRY RUN] earthmuse0790 (756534810792689914)
  roles:     ทีมตัวแทนสมาชิก (101), ทีมกระบวนกร, ทีมData, อาสาประชาชน, ฟา-PC101, ฟาภูมิภาค, ทีมกรุงเทพชั้นใน, ทีมกรุงเทพ, ทีมสมาชิกสัมพันธ์, ฟา-MP101, ทีมนโยบาย, ฟากรุงเทพ
  province:  กรุงเทพชั้นใน
  interests: ทีมตัวแทนสมาชิก, ทีมกระบวนกร, อาสาประชาชน, ทีมจังหวัด/สมาชิกสัมพันธ์, ทีมนโยบาย
[DRY RUN] cchiidcchaadnaeraaa (515783569226989569)
  roles:     อาสาส้ม, อาสาประชาชน
  province:  -
  interests: อาสาประชาชน
[DRY RUN] 0080570398 (1362403429300834324)
  roles:     ผู้ประสานงานจังหวัด, ทีมตัวแทนสมาชิก (101), อาสาประชาชน
  province:  -
  interests: ทีมตัวแทนสมาชิก, อาสาประชาชน
[DRY RUN] jobbeins_57428 (1442923462757843015)
  roles:     อาสาประชาชน
  province:  -
  interests: อาสาประชาชน
[DRY RUN] three2803 (1042441592516137012)
  roles:     อาสาส้ม, ทีมงานสภา, อาสาประชาชน, ทีม9geek
  province:  -
  interests: ทีมงานสภา, อาสาประชาชน, ทีม9geek
[DRY RUN] cfzs_nanohas (438952816556638209)
  roles:     เด็กติดเกม, อาสาประชาชน
  province:  -
  interests: เด็กติดเกม, อาสาประชาชน
[DRY RUN] naaybuyeruuen (1421675198259794021)
  roles:     ทีมตัวแทนสมาชิก (101), ทีมภาคกลาง, ทีมนครปฐม, ทีมภาคกลางตะวันตก, อาสาประชาชน
  province:  นครปฐม
  interests: ทีมตัวแทนสมาชิก, อาสาประชาชน
[DRY RUN] ploy07724 (1470019555580444723)
  roles:     อาสาส้ม, อาสาประชาชน
  province:  -
  interests: อาสาประชาชน
[DRY RUN] khong_4499 (1405578004209471512)
  roles:     ทีมตัวแทนสมาชิก (101), ทีมภาคอีสานใต้, ทีมผู้สมัครฯ, PC101-กรุงเทพ-4, ทีมนครราชสีมา, PC101, อาสาประชาชน, ทีมภาคอีสาน
  province:  นครราชสีมา
  interests: ทีมตัวแทนสมาชิก, ทีมผู้สมัครรับเลือกตั้ง, อาสาประชาชน
[DRY RUN] kasidej (863405723080458251)
  roles:     ทีมตัวแทนสมาชิก (101), ทีม9geek, ทีมกฏหมาย, อาสาประชาชน, ทีมเครือข่ายชาติพันธุ์, PC101, ทีมกรุงเทพชั้นใน, PC101-กรุงเทพ-5-1, ทีมกรุงเทพ, ทีมกรุงเทพเหนือ, ทีมกรุงเทพธนบุรี, ทีมนโยบาย, ผู้สมัครบัญชีรายชื่อ, ทีมกรุงเทพตะวันออก
  province:  กรุงเทพชั้นใน, กรุงเทพเหนือ, กรุงเทพธนบุรี, กรุงเทพตะวันออก
  interests: ทีมตัวแทนสมาชิก, ทีม9geek, ทีมกฎหมาย, อาสาประชาชน, ทีมเครือข่ายชาติพันธุ์, ทีมนโยบาย
[DRY RUN] paaby0725_58322 (1383315508467863724)
  roles:     ทีมช่างภาพ, ทีมตัวแทนสมาชิก (101), ทีมสื่อ, ทีมนโยบาย, ทีมสมาชิกสัมพันธ์, อาสาประชาชน
  province:  -
  interests: ทีมช่างภาพ, ทีมตัวแทนสมาชิก, ทีมนโยบาย, ทีมจังหวัด/สมาชิกสัมพันธ์, อาสาประชาชน
[DRY RUN] song1977 (1398478595634233446)
  roles:     ทีมตัวแทนสมาชิก (101), อาสาประชาชน, PC101, PC101-ตะวันออก-3, ทีมนโยบาย
  province:  -
  interests: ทีมตัวแทนสมาชิก, อาสาประชาชน, ทีมนโยบาย
[DRY RUN] pheepray (1122435520551735307)
  roles:     ฟาอีสาน, อาสาประชาชน, ทีมกระบวนกร, ฟาภูมิภาค
  province:  -
  interests: อาสาประชาชน, ทีมกระบวนกร
[DRY RUN] sanu_1807_75167 (1297208972541034581)
  roles:     อาสาส้ม, เด็กติดเกม, อาสาประชาชน, ทีมกระบวนกร
  province:  -
  interests: เด็กติดเกม, อาสาประชาชน, ทีมกระบวนกร
[DRY RUN] gumunnoob (205705009722163200)
  roles:     ทีมพื้นที่/ร้องเรียน, ทีม9geek, ทีมปริมณฑล, ทีมผู้สมัครฯ, ทีมงานสภา, ทีมสมาชิกสัมพันธ์, อาสาประชาชน, ทีมนนทบุรี
  province:  นนทบุรี
  interests: ทีมผู้ช่วยหาเสียง/เรื่องร้องเรียน, ทีม9geek, ทีมผู้สมัครรับเลือกตั้ง, ทีมงานสภา, ทีมจังหวัด/สมาชิกสัมพันธ์, อาสาประชาชน
[DRY RUN] cartman4947 (648463930737426433)
  roles:     ทีมตัวแทนสมาชิก (101), อาสาประชาชน
  province:  -
  interests: ทีมตัวแทนสมาชิก, อาสาประชาชน
[DRY RUN] phngssakdi_37456 (1373219964672147468)
  roles:     อาสาประชาชน, ทีมกระบวนกร
  province:  -
  interests: อาสาประชาชน, ทีมกระบวนกร
[DRY RUN] outrageous_beagle_45279 (1467660547695706368)
  roles:     อาสาส้ม, อาสาประชาชน
  province:  -
  interests: อาสาประชาชน
[DRY RUN] mr_covid (660822756341972992)
  roles:     ทีมกระบวนกร, ทีมผู้สมัครฯ, ทีมกฏหมาย, เด็กติดเกม, ทีมน่าน, อาสาประชาชน, PC101, ทีมเครือข่ายแรงงาน, ทีมเชียงใหม่, ทีมภาคเหนือตอนบน, ทีมนโยบาย, ผู้สมัครบัญชีรายชื่อ, PC101-ภาคกลาง-4
  province:  น่าน, เชียงใหม่
  interests: ทีมกระบวนกร, ทีมผู้สมัครรับเลือกตั้ง, ทีมกฎหมาย, เด็กติดเกม, อาสาประชาชน, ทีมเครือข่ายผู้ใช้แรงงาน, ทีมนโยบาย
[DRY RUN] chibichanxx (1478026451994411173)
  roles:     ทีมช่างภาพ, ทีมพื้นที่/ร้องเรียน, ทีมเจ้าหน้าที่, ทีมสื่อ, ทีมงานสภา, อาสาส้ม, อาสาประชาชน
  province:  -
  interests: ทีมช่างภาพ, ทีมผู้ช่วยหาเสียง/เรื่องร้องเรียน, ทีมเจ้าหน้าที่/สตาฟ, ทีมงานสภา, อาสาประชาชน
[DRY RUN] porkajao19 (1456952038628786317)
  roles:     อาสาประชาชน, ทีมกระบวนกร
  province:  -
  interests: อาสาประชาชน, ทีมกระบวนกร
[DRY RUN] agentpeter (256809176183865344)
  roles:     อาสาส้ม, ทีมงานสภา, เด็กติดเกม, ทีมนโยบาย, อาสาประชาชน
  province:  -
  interests: ทีมงานสภา, เด็กติดเกม, ทีมนโยบาย, อาสาประชาชน
[DRY RUN] maan09462 (1398121840064462988)
  roles:     ทีมตัวแทนสมาชิก (101), ทีมสงขลา, ทีมกระบวนกร, ฟาภาคใต้, อาสาประชาชน, ทีมภาคใต้ตอนล่าง
  province:  สงขลา
  interests: ทีมตัวแทนสมาชิก, ทีมกระบวนกร, อาสาประชาชน
[DRY RUN] bent1406. (1373122091473305631)
  roles:     ทีมตัวแทนสมาชิก (101), ทีมคอนเทนต์, ทีมกระบวนกร, ทีมสื่อ, อาสาประชาชน
  province:  -
  interests: ทีมตัวแทนสมาชิก, ทีมคอนเทนต์, ทีมกระบวนกร, อาสาประชาชน
[DRY RUN] hojah. (1210051313820377149)
  roles:     อาสาส้ม, อาสาประชาชน
  province:  -
  interests: อาสาประชาชน
[DRY RUN] justtenyrs (1120621897235832832)
  roles:     ทีมเจ้าหน้าที่, ทีมกระบวนกร, ฟาอีสาน, ทีมน่าน, ทีมพะเยา, ทีมแพร่, ทีมลำปาง, ทีมลำพูน, ทีมแม่ฮ่องสอน, ทีมเชียงราย, ทีมเชียงใหม่, ฟา-PC101, ทีมภาคเหนือตอนบน, ฝ่ายเครือข่าย, ฟาตะวันออก, ทีมตัวแทนสมาชิก (101), ฟาภาคเหนือ, ทีมภาคเหนือตอนล่าง, ทีมกำแพงเพชร, ทีมอุตรดิตถ์, ทีมสุโขทัย, ทีมเพชรบูรณ์, ทีมพิษณุโลก, ทีมพิจิตร, ทีมนครสวรรค์, ทีมตาก, ฟาภูมิภาค, ฟาส่วนกลาง, อาสาประชาชน, ฟาภาคใต้, ทีมสมาชิกสัมพันธ์
  province:  น่าน, พะเยา, แพร่, ลำปาง, ลำพูน, แม่ฮ่องสอน, เชียงราย, เชียงใหม่, กำแพงเพชร, อุตรดิตถ์, สุโขทัย, เพชรบูรณ์, พิษณุโลก, พิจิตร, นครสวรรค์, ตาก
  interests: ทีมเจ้าหน้าที่/สตาฟ, ทีมกระบวนกร, ทีมตัวแทนสมาชิก, อาสาประชาชน, ทีมจังหวัด/สมาชิกสัมพันธ์
[DRY RUN] frnotier (1161856226955640883)
  roles:     ทีมพื้นที่/ร้องเรียน, ทีมเจ้าหน้าที่, ทีม9geek, ทีมผู้สมัครฯ, ทีมกฏหมาย, เด็กติดเกม, ทีมสมาชิกสัมพันธ์, อาสาประชาชน, ทีมระดมทุน
  province:  -
  interests: ทีมผู้ช่วยหาเสียง/เรื่องร้องเรียน, ทีมเจ้าหน้าที่/สตาฟ, ทีม9geek, ทีมผู้สมัครรับเลือกตั้ง, ทีมกฎหมาย, เด็กติดเกม, ทีมจังหวัด/สมาชิกสัมพันธ์, อาสาประชาชน, ทีมระดมทุน
[DRY RUN] parinya2110 (1406560572904046642)
  roles:     ทีมสมาชิกสัมพันธ์, ทีมปราจีนบุรี, อาสาประชาชน, ทีมภาคตะวันออก
  province:  ปราจีนบุรี
  interests: ทีมจังหวัด/สมาชิกสัมพันธ์, อาสาประชาชน
[DRY RUN] korkiat0641_01540 (1377959397980114976)
  roles:     ทีมภาคใต้ตอนบน, ทีมพื้นที่/ร้องเรียน, อาสาส้ม, ทีมสมาชิกสัมพันธ์, อาสาประชาชน, ทีมสุราษฎร์ธานี
  province:  สุราษฎร์ธานี
  interests: ทีมผู้ช่วยหาเสียง/เรื่องร้องเรียน, ทีมจังหวัด/สมาชิกสัมพันธ์, อาสาประชาชน
[DRY RUN] rtimaa0121 (1376014251252256849)
  roles:     ทีมสมาชิกสัมพันธ์, ทีมตัวแทนสมาชิก (101), อาสาประชาชน
  province:  -
  interests: ทีมจังหวัด/สมาชิกสัมพันธ์, ทีมตัวแทนสมาชิก, อาสาประชาชน
[DRY RUN] ben021336 (1392171952533274735)
  roles:     ทีมพื้นที่/ร้องเรียน, ทีมตัวแทนสมาชิก (101), ทีมผู้สมัครฯ, ทีมกฏหมาย, ทีมงานสภา, ทีมนโยบาย, ทีมเครือข่ายชาติพันธุ์, ทีมเครือข่ายแรงงาน, ทีมสมาชิกสัมพันธ์, อาสาประชาชน
  province:  -
  interests: ทีมผู้ช่วยหาเสียง/เรื่องร้องเรียน, ทีมตัวแทนสมาชิก, ทีมผู้สมัครรับเลือกตั้ง, ทีมกฎหมาย, ทีมงานสภา, ทีมนโยบาย, ทีมเครือข่ายชาติพันธุ์, ทีมเครือข่ายผู้ใช้แรงงาน, ทีมจังหวัด/สมาชิกสัมพันธ์, อาสาประชาชน
[DRY RUN] ivydzysiy (1282966942893735936)
  roles:     ทีมตัวแทนสมาชิก (101), ทีมภาคกลาง, ทีมกระบวนกร, ทีมภาคกลางตะวันออก, อาสาประชาชน, ทีมอยุธยา
  province:  อยุธยา
  interests: ทีมตัวแทนสมาชิก, ทีมกระบวนกร, อาสาประชาชน
[DRY RUN] tuii111 (1343164684026642454)
  roles:     ทีมตัวแทนสมาชิก (101), ทีมกรุงเทพชั้นใน, ทีมกรุงเทพ, ทีมผู้สมัครฯ, ทีมกรุงเทพเหนือ, อาสาประชาชน
  province:  กรุงเทพชั้นใน, กรุงเทพเหนือ
  interests: ทีมตัวแทนสมาชิก, ทีมผู้สมัครรับเลือกตั้ง, อาสาประชาชน
[DRY RUN] artrawat. (1466028311435022380)
  roles:     อาสาส้ม, อาสาประชาชน
  province:  -
  interests: อาสาประชาชน
[DRY RUN] ppk_46_44641 (1457004445794828299)
  roles:     อาสาส้ม, อาสาประชาชน, ทีมกระบวนกร
  province:  -
  interests: อาสาประชาชน, ทีมกระบวนกร
[DRY RUN] 88782 (1125049960673595525)
  roles:     ทีมตัวแทนสมาชิก (101), กรรมการสรรหา, อาสาประชาชน, กรรมการจังหวัด
  province:  -
  interests: ทีมตัวแทนสมาชิก, อาสาประชาชน
[DRY RUN] sukonlogun (1373174076558016512)
  roles:     ทีมเจ้าหน้าที่, ทีมตัวแทนสมาชิก (101), ทีมภาคเหนือตอนล่าง, PC101-ภาคเหนือ-2, ทีมผู้สมัครฯ, เด็กติดเกม, อาสาประชาชน, PC101, ทีมพิษณุโลก, ทีมกรุงเทพ, ทีมกรุงเทพเหนือ, ทีมนโยบาย, ผู้สมัครบัญชีรายชื่อ
  province:  พิษณุโลก, กรุงเทพเหนือ
  interests: ทีมเจ้าหน้าที่/สตาฟ, ทีมตัวแทนสมาชิก, ทีมผู้สมัครรับเลือกตั้ง, เด็กติดเกม, อาสาประชาชน, ทีมนโยบาย
[DRY RUN] wittaya0036 (1393817441641037864)
  roles:     ทีมภาคอีสานกลาง, ทีมกฏหมาย, อาสาประชาชน, PC101, ทีมมหาสารคาม, ทีมนโยบาย, ทีมกาฬสินธุ์
  province:  มหาสารคาม, กาฬสินธุ์
  interests: ทีมกฎหมาย, อาสาประชาชน, ทีมนโยบาย
[DRY RUN] babybeam222 (621373470676353035)
  roles:     ทีมตัวแทนสมาชิก (101), PC101-กรุงเทพ-4, ทีมปริมณฑล, PC101, ทีมกรุงเทพธนบุรี, อาสาประชาชน, ทีมสมุทรสาคร
  province:  กรุงเทพธนบุรี, สมุทรสาคร
  interests: ทีมตัวแทนสมาชิก, อาสาประชาชน
[DRY RUN] bernart0p4970 (979983696025255956)
  roles:     Server Booster, อาสาประชาชน
  province:  -
  interests: อาสาประชาชน
[DRY RUN] por_1980 (1183040767216848957)
  roles:     ทีมภาคอีสาน, ทีมกระบวนกร, ทีมภาคอีสานใต้, ทีมผู้สมัครฯ, อาสาประชาชน, ทีมอุบลราชธานี
  province:  อุบลราชธานี
  interests: ทีมกระบวนกร, ทีมผู้สมัครรับเลือกตั้ง, อาสาประชาชน
[DRY RUN] ittidet3526 (901989664636940318)
  roles:     ทีมตัวแทนสมาชิก (101), ทีมงานสภา, อาสาประชาชน, ทีมสมาชิกสัมพันธ์, ทีมนโยบาย
  province:  -
  interests: ทีมตัวแทนสมาชิก, ทีมงานสภา, อาสาประชาชน, ทีมจังหวัด/สมาชิกสัมพันธ์, ทีมนโยบาย
[DRY RUN] patrnh (473442480344268821)
  roles:     ทีมพื้นที่/ร้องเรียน, ทีมตัวแทนสมาชิก (101), ทีมภาคเหนือตอนล่าง, ทีมกระบวนกร, ทีมคอนเทนต์, ทีมกำแพงเพชร, ทีมสื่อ, ทีมงานสภา, อาสาส้ม, ทีมกรุงเทพชั้นใน, ทีมตัดต่อ, ทีมกรุงเทพ, ทีมสมาชิกสัมพันธ์, อาสาประชาชน, ทีมกราฟิก
  province:  กำแพงเพชร, กรุงเทพชั้นใน
  interests: ทีมผู้ช่วยหาเสียง/เรื่องร้องเรียน, ทีมตัวแทนสมาชิก, ทีมกระบวนกร, ทีมคอนเทนต์, ทีมงานสภา, ทีมตัดต่อ, ทีมจังหวัด/สมาชิกสัมพันธ์, อาสาประชาชน, ทีมกราฟิก
[DRY RUN] kotooneo_30 (1397454113398063230)
  roles:     ทีมชลบุรี, ทีมผู้สมัครฯ, PC101, PC101-ตะวันออก-3, ทีมภาคตะวันออก, อาสาประชาชน
  province:  ชลบุรี
  interests: ทีมผู้สมัครรับเลือกตั้ง, อาสาประชาชน
[DRY RUN] lightwarrior3383 (1391826976095998064)
  roles:     ทีมภาคอีสานใต้, ทีมผู้สมัครฯ, PC101-ภาคกลาง-3, ทีมนครราชสีมา, ทีมนโยบาย, PC101, อาสาประชาชน
  province:  นครราชสีมา
  interests: ทีมผู้สมัครรับเลือกตั้ง, ทีมนโยบาย, อาสาประชาชน
[DRY RUN] amazeyierwinek170486 (435695860878147584)
  roles:     ทีมสมาชิกสัมพันธ์, อาสาส้ม, อาสาประชาชน
  province:  -
  interests: ทีมจังหวัด/สมาชิกสัมพันธ์, อาสาประชาชน
[DRY RUN] pang_masong (1398123858199974023)
  roles:     ฟาภาคใต้, อาสาประชาชน, ทีมกระบวนกร, ฟาภูมิภาค
  province:  -
  interests: อาสาประชาชน, ทีมกระบวนกร
[DRY RUN] thor0059 (1171757384583090192)
  roles:     ทีมพื้นที่/ร้องเรียน, อาสาประชาชน, ทีมสมาชิกสัมพันธ์
  province:  -
  interests: ทีมผู้ช่วยหาเสียง/เรื่องร้องเรียน, อาสาประชาชน, ทีมจังหวัด/สมาชิกสัมพันธ์
[DRY RUN] anuosrnt (1424207862867169340)
  roles:     ทีมผู้สมัครฯ, PC101-กรุงเทพ-9, MP101-รุ่น 4, ทีมนโยบาย, PC101, อาสาประชาชน, MP101
  province:  -
  interests: ทีมผู้สมัครรับเลือกตั้ง, ทีมนโยบาย, อาสาประชาชน
[DRY RUN] tingdtong. (1373112469370699902)
  roles:     ทีมตัวแทนสมาชิก (101), ทีมสมุทรปราการ, ทีมผู้สมัครฯ, ทีมปริมณฑล, เด็กติดเกม, PC101-กรุงเทพ-5-2, ทีมนโยบาย, PC101, ทีมสมาชิกสัมพันธ์, อาสาประชาชน
  province:  สมุทรปราการ
  interests: ทีมตัวแทนสมาชิก, ทีมผู้สมัครรับเลือกตั้ง, เด็กติดเกม, ทีมนโยบาย, ทีมจังหวัด/สมาชิกสัมพันธ์, อาสาประชาชน
[DRY RUN] macky38 (1381090941917462612)
  roles:     ทีมพื้นที่/ร้องเรียน, ทีมตัวแทนสมาชิก (101), ทีมเจ้าหน้าที่, ทีมผู้สมัครฯ, ทีมงานสภา, ทีมเครือข่ายชาติพันธุ์, ทีมเครือข่ายแรงงาน, ทีมสมาชิกสัมพันธ์, อาสาประชาชน
  province:  -
  interests: ทีมผู้ช่วยหาเสียง/เรื่องร้องเรียน, ทีมตัวแทนสมาชิก, ทีมเจ้าหน้าที่/สตาฟ, ทีมผู้สมัครรับเลือกตั้ง, ทีมงานสภา, ทีมเครือข่ายชาติพันธุ์, ทีมเครือข่ายผู้ใช้แรงงาน, ทีมจังหวัด/สมาชิกสัมพันธ์, อาสาประชาชน
[DRY RUN] sompong288998 (1370578371410526319)
  roles:     ทีมพื้นที่/ร้องเรียน, ทีมสมุทรปราการ, ทีมกระบวนกร, ทีมปริมณฑล, ทีมนโยบาย, อาสาประชาชน
  province:  สมุทรปราการ
  interests: ทีมผู้ช่วยหาเสียง/เรื่องร้องเรียน, ทีมกระบวนกร, ทีมนโยบาย, อาสาประชาชน
[DRY RUN] panu04353 (1468412574482567355)
  roles:     ทีมประจวบคีรีขันธ์, ทีมภาคกลาง, อาสาส้ม, ทีมภาคกลางตะวันตก, อาสาประชาชน
  province:  ประจวบคีรีขันธ์
  interests: อาสาประชาชน
[DRY RUN] mai_jaopraya (1401128616133267476)
  roles:     ทีมตรัง, ทีมคอนเทนต์, ทีมผู้สมัครฯ, ทีมสื่อ, PC101, PC101-ภาคใต้-3, อาสาประชาชน, ทีมภาคใต้ตอนล่าง
  province:  ตรัง
  interests: ทีมคอนเทนต์, ทีมผู้สมัครรับเลือกตั้ง, อาสาประชาชน
[DRY RUN] wasuth_ (1040542888918003804)
  roles:     ทีมพื้นที่/ร้องเรียน, ทีมตัวแทนสมาชิก (101), PC101-กรุงเทพ-4, ทีมสื่อ, ทีมนโยบาย, PC101, ทีมกรุงเทพ, ทีมกรุงเทพเหนือ, อาสาประชาชน, ผู้สมัครบัญชีรายชื่อ, ทีมกราฟิก
  province:  กรุงเทพเหนือ
  interests: ทีมผู้ช่วยหาเสียง/เรื่องร้องเรียน, ทีมตัวแทนสมาชิก, ทีมนโยบาย, อาสาประชาชน, ทีมกราฟิก
[DRY RUN] chong3413 (362048332278923265)
  roles:     อาสาส้ม, อาสาประชาชน, ทีมกระบวนกร
  province:  -
  interests: อาสาประชาชน, ทีมกระบวนกร
[DRY RUN] waan6354 (915909999518175262)
  roles:     ทีมพื้นที่/ร้องเรียน, อาสาส้ม, อาสาประชาชน
  province:  -
  interests: ทีมผู้ช่วยหาเสียง/เรื่องร้องเรียน, อาสาประชาชน
[DRY RUN] plaifon.p (1124174152190918698)
  roles:     ทีมตัวแทนสมาชิก (101), ทีมภาคกลาง, PC101-ภาคกลาง-1, ทีมเพชรบุรี, ทีมงานสภา, ผู้สมัครเขตภาคกลาง, อาสาประชาชน, PC101, MP101-รุ่น 1, ทีมภาคกลางตะวันตก, ทีมกรุงเทพเหนือ, ทีมนโยบาย, MP101
  province:  เพชรบุรี, กรุงเทพเหนือ
  interests: ทีมตัวแทนสมาชิก, ทีมงานสภา, อาสาประชาชน, ทีมนโยบาย
